#
# There is insufficient memory for the Java Runtime Environment to continue.
# Native memory allocation (malloc) failed to allocate 772816 bytes. Error detail: Chunk::new
# Possible reasons:
#   The system is out of physical RAM or swap space
#   This process is running with CompressedOops enabled, and the Java Heap may be blocking the growth of the native heap
# Possible solutions:
#   Reduce memory load on the system
#   Increase physical memory or swap space
#   Check if swap backing store is full
#   Decrease Java heap size (-Xmx/-Xms)
#   Decrease number of Java threads
#   Decrease Java thread stack sizes (-Xss)
#   Set larger code cache with -XX:ReservedCodeCacheSize=
#   JVM is running with Zero Based Compressed Oops mode in which the Java heap is
#     placed in the first 32GB address space. The Java Heap base address is the
#     maximum limit for the native heap growth. Please use -XX:HeapBaseMinAddress
#     to set the Java Heap base and to place the Java Heap above 32GB virtual address.
# This output file may be truncated or incomplete.
#
#  Out of Memory Error (arena.cpp:191), pid=13892, tid=26368
#
# JRE version: OpenJDK Runtime Environment Temurin-17.0.17+10 (17.0.17+10) (build 17.0.17+10)
# Java VM: OpenJDK 64-Bit Server VM Temurin-17.0.17+10 (17.0.17+10, mixed mode, sharing, tiered, compressed oops, compressed class ptrs, g1 gc, windows-amd64)
# No core dump will be written. Minidumps are not enabled by default on client versions of Windows
#

---------------  S U M M A R Y ------------

Command Line: --enable-native-access=ALL-UNNAMED -Dclassworlds.conf=C:\Users\hp\.m2\wrapper\dists\apache-maven-3.9.12\59fe215c0ad6947fea90184bf7add084544567b927287592651fda3782e0e798\bin\m2.conf -Dmaven.home=C:\Users\hp\.m2\wrapper\dists\apache-maven-3.9.12\59fe215c0ad6947fea90184bf7add084544567b927287592651fda3782e0e798 -Dlibrary.jansi.path=C:\Users\hp\.m2\wrapper\dists\apache-maven-3.9.12\59fe215c0ad6947fea90184bf7add084544567b927287592651fda3782e0e798\lib\jansi-native -Dmaven.multiModuleProjectDirectory=C:\Users\hp\Desktop\back final avec 3 metiers\schoolplatform\club-service org.codehaus.plexus.classworlds.launcher.Launcher test

Host: 11th Gen Intel(R) Core(TM) i5-1145G7 @ 2.60GHz, 8 cores, 15G,  Windows 11 , 64 bit Build 26100 (10.0.26100.7920)
Time: Fri Apr 10 13:35:26 2026 Afr. centrale Ouest elapsed time: 5.744440 seconds (0d 0h 0m 5s)

---------------  T H R E A D  ---------------

Current thread (0x0000028cecd9d3f0):  JavaThread "C2 CompilerThread2" daemon [_thread_in_native, id=26368, stack(0x000000b561700000,0x000000b561800000)]


Current CompileTask:
C2:5744 5280       4       jdk.internal.org.objectweb.asm.Frame::execute (2305 bytes)

Stack: [0x000000b561700000,0x000000b561800000]
Native frames: (J=compiled Java code, j=interpreted, Vv=VM code, C=native code)
V  [jvm.dll+0x683fb9]
V  [jvm.dll+0x83a1b5]
V  [jvm.dll+0x83bc2e]
V  [jvm.dll+0x83c2b3]
V  [jvm.dll+0x248eff]
V  [jvm.dll+0xad496]
V  [jvm.dll+0xadb3c]
V  [jvm.dll+0x2b05df]
V  [jvm.dll+0x58a5b5]
V  [jvm.dll+0x222e84]
V  [jvm.dll+0x21b98f]
V  [jvm.dll+0x2190fe]
V  [jvm.dll+0x1a4920]
V  [jvm.dll+0x22989a]
V  [jvm.dll+0x227a4b]
V  [jvm.dll+0x7effb8]
V  [jvm.dll+0x7ea44c]
V  [jvm.dll+0x682e87]
C  [ucrtbase.dll+0x37b0]
C  [KERNEL32.DLL+0x2e8d7]
C  [ntdll.dll+0x8c48c]


---------------  P R O C E S S  ---------------

Threads class SMR info:
_java_thread_list=0x0000028ced2ce060, length=15, elements={
0x0000028c8127e7a0, 0x0000028ca61a3bb0, 0x0000028ca61a52e0, 0x0000028ca63008b0,
0x0000028ca6301270, 0x0000028ca63027a0, 0x0000028ca6303cd0, 0x0000028ca6306150,
0x0000028ca6310830, 0x0000028ca63139c0, 0x0000028ca6454e20, 0x0000028ca647add0,
0x0000028cec74ee30, 0x0000028cec874970, 0x0000028cecd9d3f0
}

Java Threads: ( => current thread )
  0x0000028c8127e7a0 JavaThread "main" [_thread_in_vm, id=25824, stack(0x000000b55f900000,0x000000b55fa00000)]
  0x0000028ca61a3bb0 JavaThread "Reference Handler" daemon [_thread_blocked, id=3052, stack(0x000000b560000000,0x000000b560100000)]
  0x0000028ca61a52e0 JavaThread "Finalizer" daemon [_thread_blocked, id=24672, stack(0x000000b560100000,0x000000b560200000)]
  0x0000028ca63008b0 JavaThread "Signal Dispatcher" daemon [_thread_blocked, id=5668, stack(0x000000b560200000,0x000000b560300000)]
  0x0000028ca6301270 JavaThread "Attach Listener" daemon [_thread_blocked, id=4708, stack(0x000000b560300000,0x000000b560400000)]
  0x0000028ca63027a0 JavaThread "Service Thread" daemon [_thread_blocked, id=24176, stack(0x000000b560400000,0x000000b560500000)]
  0x0000028ca6303cd0 JavaThread "Monitor Deflation Thread" daemon [_thread_blocked, id=28572, stack(0x000000b560500000,0x000000b560600000)]
  0x0000028ca6306150 JavaThread "C2 CompilerThread0" daemon [_thread_blocked, id=27532, stack(0x000000b560600000,0x000000b560700000)]
  0x0000028ca6310830 JavaThread "C1 CompilerThread0" daemon [_thread_blocked, id=3196, stack(0x000000b560700000,0x000000b560800000)]
  0x0000028ca63139c0 JavaThread "Sweeper thread" daemon [_thread_blocked, id=27692, stack(0x000000b560800000,0x000000b560900000)]
  0x0000028ca6454e20 JavaThread "Notification Thread" daemon [_thread_blocked, id=2672, stack(0x000000b560900000,0x000000b560a00000)]
  0x0000028ca647add0 JavaThread "Common-Cleaner" daemon [_thread_blocked, id=22272, stack(0x000000b560b00000,0x000000b560c00000)]
  0x0000028cec74ee30 JavaThread "Thread-1" daemon [_thread_blocked, id=29160, stack(0x000000b561500000,0x000000b561600000)]
  0x0000028cec874970 JavaThread "C2 CompilerThread1" daemon [_thread_blocked, id=8756, stack(0x000000b560c00000,0x000000b560d00000)]
=>0x0000028cecd9d3f0 JavaThread "C2 CompilerThread2" daemon [_thread_in_native, id=26368, stack(0x000000b561700000,0x000000b561800000)]

Other Threads:
  0x0000028ca619d6f0 VMThread "VM Thread" [stack: 0x000000b55ff00000,0x000000b560000000] [id=14216]
  0x0000028ca6476160 WatcherThread [stack: 0x000000b560a00000,0x000000b560b00000] [id=27568]
  0x0000028c833a9610 GCTaskThread "GC Thread#0" [stack: 0x000000b55fa00000,0x000000b55fb00000] [id=22748]
  0x0000028ca6988490 GCTaskThread "GC Thread#1" [stack: 0x000000b560e00000,0x000000b560f00000] [id=15876]
  0x0000028ca6988750 GCTaskThread "GC Thread#2" [stack: 0x000000b560f00000,0x000000b561000000] [id=29616]
  0x0000028ca6988a10 GCTaskThread "GC Thread#3" [stack: 0x000000b561000000,0x000000b561100000] [id=20828]
  0x0000028ca6eee980 GCTaskThread "GC Thread#4" [stack: 0x000000b561100000,0x000000b561200000] [id=9164]
  0x0000028ca69894e0 GCTaskThread "GC Thread#5" [stack: 0x000000b561200000,0x000000b561300000] [id=21036]
  0x0000028cec336cd0 GCTaskThread "GC Thread#6" [stack: 0x000000b561300000,0x000000b561400000] [id=2596]
  0x0000028cec14bf50 GCTaskThread "GC Thread#7" [stack: 0x000000b561400000,0x000000b561500000] [id=1884]
  0x0000028c833ba070 ConcurrentGCThread "G1 Main Marker" [stack: 0x000000b55fb00000,0x000000b55fc00000] [id=24364]
  0x0000028c833bb760 ConcurrentGCThread "G1 Conc#0" [stack: 0x000000b55fc00000,0x000000b55fd00000] [id=16144]
  0x0000028ca60565b0 ConcurrentGCThread "G1 Refine#0" [stack: 0x000000b55fd00000,0x000000b55fe00000] [id=11680]
  0x0000028ca6056df0 ConcurrentGCThread "G1 Service" [stack: 0x000000b55fe00000,0x000000b55ff00000] [id=27896]

Threads with active compile tasks:
C1 CompilerThread0  5779 5313  s    3       java.lang.StringBuffer::append (13 bytes)
C2 CompilerThread2  5780 5280       4       jdk.internal.org.objectweb.asm.Frame::execute (2305 bytes)

VM state: at safepoint (normal execution)

VM Mutex/Monitor currently owned by a thread:  ([mutex/lock_event])
[0x0000028c8127ba30] Threads_lock - owner thread: 0x0000028ca619d6f0
[0x0000028c8127beb0] Heap_lock - owner thread: 0x0000028c8127e7a0

Heap address: 0x0000000704e00000, size: 4018 MB, Compressed Oops mode: Zero based, Oop shift amount: 3

CDS archive(s) mapped at: [0x0000028ca7000000-0x0000028ca7bb0000-0x0000028ca7bb0000), size 12255232, SharedBaseAddress: 0x0000028ca7000000, ArchiveRelocationMode: 1.
Compressed class space mapped at: 0x0000028ca8000000-0x0000028ce8000000, reserved size: 1073741824
Narrow klass base: 0x0000028ca7000000, Narrow klass shift: 0, Narrow klass range: 0x100000000

GC Precious Log:
 CPUs: 8 total, 8 available
 Memory: 16064M
 Large Page Support: Disabled
 NUMA Support: Disabled
 Compressed Oops: Enabled (Zero based)
 Heap Region Size: 2M
 Heap Min Capacity: 8M
 Heap Initial Capacity: 252M
 Heap Max Capacity: 4018M
 Pre-touch: Disabled
 Parallel Workers: 8
 Concurrent Workers: 2
 Concurrent Refinement Workers: 8
 Periodic GC: Disabled

Heap:
 garbage-first heap   total 258048K, used 122603K [0x0000000704e00000, 0x0000000800000000)
  region size 2048K, 38 young (77824K), 2 survivors (4096K)
 Metaspace       used 21281K, committed 21504K, reserved 1114112K
  class space    used 2376K, committed 2496K, reserved 1048576K

Heap Regions: E=young(eden), S=young(survivor), O=old, HS=humongous(starts), HC=humongous(continues), CS=collection set, F=free, OA=open archive, CA=closed archive, TAMS=top-at-mark-start (previous, next)
|   0|0x0000000704e00000, 0x0000000705000000, 0x0000000705000000|100%| O|  |TAMS 0x0000000704e00000, 0x0000000705000000| Untracked 
|   1|0x0000000705000000, 0x0000000705200000, 0x0000000705200000|100%| O|  |TAMS 0x0000000705000000, 0x0000000705167200| Untracked 
|   2|0x0000000705200000, 0x0000000705400000, 0x0000000705400000|100%|HS|  |TAMS 0x0000000705200000, 0x0000000705400000| Complete 
|   3|0x0000000705400000, 0x0000000705600000, 0x0000000705600000|100%|HC|  |TAMS 0x0000000705400000, 0x0000000705600000| Complete 
|   4|0x0000000705600000, 0x0000000705800000, 0x0000000705800000|100%|HC|  |TAMS 0x0000000705600000, 0x0000000705800000| Complete 
|   5|0x0000000705800000, 0x0000000705a00000, 0x0000000705a00000|100%|HC|  |TAMS 0x0000000705800000, 0x0000000705a00000| Complete 
|   6|0x0000000705a00000, 0x0000000705c00000, 0x0000000705c00000|100%|HS|  |TAMS 0x0000000705a00000, 0x0000000705c00000| Complete 
|   7|0x0000000705c00000, 0x0000000705e00000, 0x0000000705e00000|100%|HC|  |TAMS 0x0000000705c00000, 0x0000000705e00000| Complete 
|   8|0x0000000705e00000, 0x0000000706000000, 0x0000000706000000|100%|HC|  |TAMS 0x0000000705e00000, 0x0000000706000000| Complete 
|   9|0x0000000706000000, 0x0000000706200000, 0x0000000706200000|100%|HC|  |TAMS 0x0000000706000000, 0x0000000706200000| Complete 
|  10|0x0000000706200000, 0x0000000706400000, 0x0000000706400000|100%|HC|  |TAMS 0x0000000706200000, 0x0000000706400000| Complete 
|  11|0x0000000706400000, 0x0000000706600000, 0x0000000706600000|100%|HC|  |TAMS 0x0000000706400000, 0x0000000706600000| Complete 
|  12|0x0000000706600000, 0x0000000706800000, 0x0000000706800000|100%|HS|  |TAMS 0x0000000706600000, 0x0000000706800000| Complete 
|  13|0x0000000706800000, 0x0000000706a00000, 0x0000000706a00000|100%|HC|  |TAMS 0x0000000706800000, 0x0000000706a00000| Complete 
|  14|0x0000000706a00000, 0x0000000706c00000, 0x0000000706c00000|100%|HC|  |TAMS 0x0000000706a00000, 0x0000000706c00000| Complete 
|  15|0x0000000706c00000, 0x0000000706e00000, 0x0000000706e00000|100%|HC|  |TAMS 0x0000000706c00000, 0x0000000706e00000| Complete 
|  16|0x0000000706e00000, 0x0000000707000000, 0x0000000707000000|100%|HC|  |TAMS 0x0000000706e00000, 0x0000000707000000| Complete 
|  17|0x0000000707000000, 0x0000000707200000, 0x0000000707200000|100%|HC|  |TAMS 0x0000000707000000, 0x0000000707200000| Complete 
|  18|0x0000000707200000, 0x00000007073b28f0, 0x0000000707400000| 85%| O|  |TAMS 0x0000000707200000, 0x0000000707200000| Untracked 
|  19|0x0000000707400000, 0x0000000707400000, 0x0000000707600000|  0%| F|  |TAMS 0x0000000707400000, 0x0000000707400000| Untracked 
|  20|0x0000000707600000, 0x0000000707600000, 0x0000000707800000|  0%| F|  |TAMS 0x0000000707600000, 0x0000000707600000| Untracked 
|  21|0x0000000707800000, 0x0000000707800000, 0x0000000707a00000|  0%| F|  |TAMS 0x0000000707800000, 0x0000000707800000| Untracked 
|  22|0x0000000707a00000, 0x0000000707a00000, 0x0000000707c00000|  0%| F|  |TAMS 0x0000000707a00000, 0x0000000707a00000| Untracked 
|  23|0x0000000707c00000, 0x0000000707c00000, 0x0000000707e00000|  0%| F|  |TAMS 0x0000000707c00000, 0x0000000707c00000| Untracked 
|  24|0x0000000707e00000, 0x0000000707e00000, 0x0000000708000000|  0%| F|  |TAMS 0x0000000707e00000, 0x0000000707e00000| Untracked 
|  25|0x0000000708000000, 0x0000000708000000, 0x0000000708200000|  0%| F|  |TAMS 0x0000000708000000, 0x0000000708000000| Untracked 
|  26|0x0000000708200000, 0x0000000708200000, 0x0000000708400000|  0%| F|  |TAMS 0x0000000708200000, 0x0000000708200000| Untracked 
|  27|0x0000000708400000, 0x0000000708400000, 0x0000000708600000|  0%| F|  |TAMS 0x0000000708400000, 0x0000000708400000| Untracked 
|  28|0x0000000708600000, 0x0000000708600000, 0x0000000708800000|  0%| F|  |TAMS 0x0000000708600000, 0x0000000708600000| Untracked 
|  29|0x0000000708800000, 0x0000000708800000, 0x0000000708a00000|  0%| F|  |TAMS 0x0000000708800000, 0x0000000708800000| Untracked 
|  30|0x0000000708a00000, 0x0000000708a00000, 0x0000000708c00000|  0%| F|  |TAMS 0x0000000708a00000, 0x0000000708a00000| Untracked 
|  31|0x0000000708c00000, 0x0000000708c00000, 0x0000000708e00000|  0%| F|  |TAMS 0x0000000708c00000, 0x0000000708c00000| Untracked 
|  32|0x0000000708e00000, 0x0000000708e00000, 0x0000000709000000|  0%| F|  |TAMS 0x0000000708e00000, 0x0000000708e00000| Untracked 
|  33|0x0000000709000000, 0x0000000709000000, 0x0000000709200000|  0%| F|  |TAMS 0x0000000709000000, 0x0000000709000000| Untracked 
|  34|0x0000000709200000, 0x0000000709200000, 0x0000000709400000|  0%| F|  |TAMS 0x0000000709200000, 0x0000000709200000| Untracked 
|  35|0x0000000709400000, 0x0000000709400000, 0x0000000709600000|  0%| F|  |TAMS 0x0000000709400000, 0x0000000709400000| Untracked 
|  36|0x0000000709600000, 0x0000000709600000, 0x0000000709800000|  0%| F|  |TAMS 0x0000000709600000, 0x0000000709600000| Untracked 
|  37|0x0000000709800000, 0x0000000709800000, 0x0000000709a00000|  0%| F|  |TAMS 0x0000000709800000, 0x0000000709800000| Untracked 
|  38|0x0000000709a00000, 0x0000000709a00000, 0x0000000709c00000|  0%| F|  |TAMS 0x0000000709a00000, 0x0000000709a00000| Untracked 
|  39|0x0000000709c00000, 0x0000000709c00000, 0x0000000709e00000|  0%| F|  |TAMS 0x0000000709c00000, 0x0000000709c00000| Untracked 
|  40|0x0000000709e00000, 0x0000000709e00000, 0x000000070a000000|  0%| F|  |TAMS 0x0000000709e00000, 0x0000000709e00000| Untracked 
|  41|0x000000070a000000, 0x000000070a000000, 0x000000070a200000|  0%| F|  |TAMS 0x000000070a000000, 0x000000070a000000| Untracked 
|  42|0x000000070a200000, 0x000000070a200000, 0x000000070a400000|  0%| F|  |TAMS 0x000000070a200000, 0x000000070a200000| Untracked 
|  43|0x000000070a400000, 0x000000070a400000, 0x000000070a600000|  0%| F|  |TAMS 0x000000070a400000, 0x000000070a400000| Untracked 
|  44|0x000000070a600000, 0x000000070a66ba40, 0x000000070a800000| 21%| E|CS|TAMS 0x000000070a600000, 0x000000070a66ba40| Complete 
|  45|0x000000070a800000, 0x000000070aa00000, 0x000000070aa00000|100%| E|CS|TAMS 0x000000070a800000, 0x000000070aa00000| Complete 
|  46|0x000000070aa00000, 0x000000070ac00000, 0x000000070ac00000|100%| E|CS|TAMS 0x000000070aa00000, 0x000000070ac00000| Complete 
|  47|0x000000070ac00000, 0x000000070ae00000, 0x000000070ae00000|100%| E|CS|TAMS 0x000000070ac00000, 0x000000070ae00000| Complete 
|  48|0x000000070ae00000, 0x000000070b000000, 0x000000070b000000|100%| E|CS|TAMS 0x000000070ae00000, 0x000000070b000000| Complete 
|  49|0x000000070b000000, 0x000000070b200000, 0x000000070b200000|100%| E|CS|TAMS 0x000000070b000000, 0x000000070b200000| Complete 
|  50|0x000000070b200000, 0x000000070b400000, 0x000000070b400000|100%| E|CS|TAMS 0x000000070b200000, 0x000000070b400000| Complete 
|  51|0x000000070b400000, 0x000000070b400000, 0x000000070b600000|  0%| F|  |TAMS 0x000000070b400000, 0x000000070b400000| Untracked 
|  52|0x000000070b600000, 0x000000070b600000, 0x000000070b800000|  0%| F|  |TAMS 0x000000070b600000, 0x000000070b600000| Untracked 
|  53|0x000000070b800000, 0x000000070b800000, 0x000000070ba00000|  0%| F|  |TAMS 0x000000070b800000, 0x000000070b800000| Untracked 
|  54|0x000000070ba00000, 0x000000070ba00000, 0x000000070bc00000|  0%| F|  |TAMS 0x000000070ba00000, 0x000000070ba00000| Untracked 
|  55|0x000000070bc00000, 0x000000070bc00000, 0x000000070be00000|  0%| F|  |TAMS 0x000000070bc00000, 0x000000070bc00000| Untracked 
|  56|0x000000070be00000, 0x000000070be00000, 0x000000070c000000|  0%| F|  |TAMS 0x000000070be00000, 0x000000070be00000| Untracked 
|  57|0x000000070c000000, 0x000000070c000000, 0x000000070c200000|  0%| F|  |TAMS 0x000000070c000000, 0x000000070c000000| Untracked 
|  58|0x000000070c200000, 0x000000070c200000, 0x000000070c400000|  0%| F|  |TAMS 0x000000070c200000, 0x000000070c200000| Untracked 
|  59|0x000000070c400000, 0x000000070c400000, 0x000000070c600000|  0%| F|  |TAMS 0x000000070c400000, 0x000000070c400000| Untracked 
|  60|0x000000070c600000, 0x000000070c600000, 0x000000070c800000|  0%| F|  |TAMS 0x000000070c600000, 0x000000070c600000| Untracked 
|  61|0x000000070c800000, 0x000000070c800000, 0x000000070ca00000|  0%| F|  |TAMS 0x000000070c800000, 0x000000070c800000| Untracked 
|  62|0x000000070ca00000, 0x000000070ca00000, 0x000000070cc00000|  0%| F|  |TAMS 0x000000070ca00000, 0x000000070ca00000| Untracked 
|  63|0x000000070cc00000, 0x000000070cc00000, 0x000000070ce00000|  0%| F|  |TAMS 0x000000070cc00000, 0x000000070cc00000| Untracked 
|  64|0x000000070ce00000, 0x000000070ce00000, 0x000000070d000000|  0%| F|  |TAMS 0x000000070ce00000, 0x000000070ce00000| Untracked 
|  65|0x000000070d000000, 0x000000070d000000, 0x000000070d200000|  0%| F|  |TAMS 0x000000070d000000, 0x000000070d000000| Untracked 
|  66|0x000000070d200000, 0x000000070d200000, 0x000000070d400000|  0%| F|  |TAMS 0x000000070d200000, 0x000000070d200000| Untracked 
|  67|0x000000070d400000, 0x000000070d400000, 0x000000070d600000|  0%| F|  |TAMS 0x000000070d400000, 0x000000070d400000| Untracked 
|  68|0x000000070d600000, 0x000000070d600000, 0x000000070d800000|  0%| F|  |TAMS 0x000000070d600000, 0x000000070d600000| Untracked 
|  69|0x000000070d800000, 0x000000070d800000, 0x000000070da00000|  0%| F|  |TAMS 0x000000070d800000, 0x000000070d800000| Untracked 
|  70|0x000000070da00000, 0x000000070da00000, 0x000000070dc00000|  0%| F|  |TAMS 0x000000070da00000, 0x000000070da00000| Untracked 
|  71|0x000000070dc00000, 0x000000070dc00000, 0x000000070de00000|  0%| F|  |TAMS 0x000000070dc00000, 0x000000070dc00000| Untracked 
|  72|0x000000070de00000, 0x000000070de00000, 0x000000070e000000|  0%| F|  |TAMS 0x000000070de00000, 0x000000070de00000| Untracked 
|  73|0x000000070e000000, 0x000000070e000000, 0x000000070e200000|  0%| F|  |TAMS 0x000000070e000000, 0x000000070e000000| Untracked 
|  74|0x000000070e200000, 0x000000070e200000, 0x000000070e400000|  0%| F|  |TAMS 0x000000070e200000, 0x000000070e200000| Untracked 
|  75|0x000000070e400000, 0x000000070e400000, 0x000000070e600000|  0%| F|  |TAMS 0x000000070e400000, 0x000000070e400000| Untracked 
|  76|0x000000070e600000, 0x000000070e600000, 0x000000070e800000|  0%| F|  |TAMS 0x000000070e600000, 0x000000070e600000| Untracked 
|  77|0x000000070e800000, 0x000000070e800000, 0x000000070ea00000|  0%| F|  |TAMS 0x000000070e800000, 0x000000070e800000| Untracked 
|  78|0x000000070ea00000, 0x000000070ea00000, 0x000000070ec00000|  0%| F|  |TAMS 0x000000070ea00000, 0x000000070ea00000| Untracked 
|  79|0x000000070ec00000, 0x000000070ec00000, 0x000000070ee00000|  0%| F|  |TAMS 0x000000070ec00000, 0x000000070ec00000| Untracked 
|  80|0x000000070ee00000, 0x000000070ee00000, 0x000000070f000000|  0%| F|  |TAMS 0x000000070ee00000, 0x000000070ee00000| Untracked 
|  81|0x000000070f000000, 0x000000070f000000, 0x000000070f200000|  0%| F|  |TAMS 0x000000070f000000, 0x000000070f000000| Untracked 
|  82|0x000000070f200000, 0x000000070f200000, 0x000000070f400000|  0%| F|  |TAMS 0x000000070f200000, 0x000000070f200000| Untracked 
|  83|0x000000070f400000, 0x000000070f400000, 0x000000070f600000|  0%| F|  |TAMS 0x000000070f400000, 0x000000070f400000| Untracked 
|  84|0x000000070f600000, 0x000000070f600000, 0x000000070f800000|  0%| F|  |TAMS 0x000000070f600000, 0x000000070f600000| Untracked 
|  85|0x000000070f800000, 0x000000070f800000, 0x000000070fa00000|  0%| F|  |TAMS 0x000000070f800000, 0x000000070f800000| Untracked 
|  86|0x000000070fa00000, 0x000000070fa00000, 0x000000070fc00000|  0%| F|  |TAMS 0x000000070fa00000, 0x000000070fa00000| Untracked 
|  87|0x000000070fc00000, 0x000000070fc00000, 0x000000070fe00000|  0%| F|  |TAMS 0x000000070fc00000, 0x000000070fc00000| Untracked 
|  88|0x000000070fe00000, 0x000000070ff1d780, 0x0000000710000000| 55%| S|  |TAMS 0x000000070fe00000, 0x000000070fe00000| Complete 
|  89|0x0000000710000000, 0x0000000710200000, 0x0000000710200000|100%| S|  |TAMS 0x0000000710000000, 0x0000000710000000| Complete 
|  90|0x0000000710200000, 0x00000007103e81c8, 0x0000000710400000| 95%| E|CS|TAMS 0x0000000710200000, 0x00000007103e81c8| Complete 
|  91|0x0000000710400000, 0x0000000710600000, 0x0000000710600000|100%| E|CS|TAMS 0x0000000710400000, 0x0000000710600000| Complete 
|  92|0x0000000710600000, 0x0000000710800000, 0x0000000710800000|100%| E|CS|TAMS 0x0000000710600000, 0x0000000710800000| Complete 
|  93|0x0000000710800000, 0x0000000710a00000, 0x0000000710a00000|100%| E|CS|TAMS 0x0000000710800000, 0x0000000710a00000| Complete 
|  94|0x0000000710a00000, 0x0000000710c00000, 0x0000000710c00000|100%| E|CS|TAMS 0x0000000710a00000, 0x0000000710c00000| Complete 
|  95|0x0000000710c00000, 0x0000000710e00000, 0x0000000710e00000|100%| E|CS|TAMS 0x0000000710c00000, 0x0000000710e00000| Complete 
|  96|0x0000000710e00000, 0x0000000711000000, 0x0000000711000000|100%| E|CS|TAMS 0x0000000710e00000, 0x0000000711000000| Complete 
|  97|0x0000000711000000, 0x0000000711200000, 0x0000000711200000|100%| E|CS|TAMS 0x0000000711000000, 0x0000000711200000| Complete 
|  98|0x0000000711200000, 0x0000000711400000, 0x0000000711400000|100%| E|CS|TAMS 0x0000000711200000, 0x0000000711400000| Complete 
|  99|0x0000000711400000, 0x0000000711600000, 0x0000000711600000|100%| E|CS|TAMS 0x0000000711400000, 0x0000000711600000| Complete 
| 100|0x0000000711600000, 0x0000000711800000, 0x0000000711800000|100%| E|CS|TAMS 0x0000000711600000, 0x0000000711800000| Complete 
| 101|0x0000000711800000, 0x0000000711a00000, 0x0000000711a00000|100%| E|CS|TAMS 0x0000000711800000, 0x0000000711a00000| Complete 
| 102|0x0000000711a00000, 0x0000000711c00000, 0x0000000711c00000|100%| E|CS|TAMS 0x0000000711a00000, 0x0000000711c00000| Complete 
| 103|0x0000000711c00000, 0x0000000711e00000, 0x0000000711e00000|100%| E|CS|TAMS 0x0000000711c00000, 0x0000000711e00000| Complete 
| 104|0x0000000711e00000, 0x0000000712000000, 0x0000000712000000|100%| E|CS|TAMS 0x0000000711e00000, 0x0000000712000000| Complete 
| 105|0x0000000712000000, 0x0000000712200000, 0x0000000712200000|100%| E|CS|TAMS 0x0000000712000000, 0x0000000712200000| Complete 
| 106|0x0000000712200000, 0x0000000712400000, 0x0000000712400000|100%| E|CS|TAMS 0x0000000712200000, 0x0000000712400000| Complete 
| 107|0x0000000712400000, 0x0000000712600000, 0x0000000712600000|100%| E|CS|TAMS 0x0000000712400000, 0x0000000712600000| Complete 
| 108|0x0000000712600000, 0x0000000712800000, 0x0000000712800000|100%| E|CS|TAMS 0x0000000712600000, 0x0000000712800000| Complete 
| 109|0x0000000712800000, 0x0000000712a00000, 0x0000000712a00000|100%| E|CS|TAMS 0x0000000712800000, 0x0000000712a00000| Complete 
| 110|0x0000000712a00000, 0x0000000712c00000, 0x0000000712c00000|100%| E|CS|TAMS 0x0000000712a00000, 0x0000000712c00000| Complete 
| 111|0x0000000712c00000, 0x0000000712e00000, 0x0000000712e00000|100%| E|CS|TAMS 0x0000000712c00000, 0x0000000712e00000| Complete 
| 112|0x0000000712e00000, 0x0000000713000000, 0x0000000713000000|100%| E|CS|TAMS 0x0000000712e00000, 0x0000000713000000| Complete 
| 113|0x0000000713000000, 0x0000000713200000, 0x0000000713200000|100%| E|CS|TAMS 0x0000000713000000, 0x0000000713200000| Complete 
| 114|0x0000000713200000, 0x0000000713400000, 0x0000000713400000|100%| E|CS|TAMS 0x0000000713200000, 0x0000000713400000| Complete 
| 115|0x0000000713400000, 0x0000000713600000, 0x0000000713600000|100%| E|CS|TAMS 0x0000000713400000, 0x0000000713600000| Complete 
| 116|0x0000000713600000, 0x0000000713800000, 0x0000000713800000|100%| E|CS|TAMS 0x0000000713600000, 0x0000000713800000| Complete 
| 117|0x0000000713800000, 0x0000000713a00000, 0x0000000713a00000|100%| E|CS|TAMS 0x0000000713800000, 0x0000000713a00000| Complete 
| 118|0x0000000713a00000, 0x0000000713c00000, 0x0000000713c00000|100%| E|CS|TAMS 0x0000000713a00000, 0x0000000713c00000| Complete 
| 119|0x0000000713c00000, 0x0000000713e00000, 0x0000000713e00000|100%| E|CS|TAMS 0x0000000713c00000, 0x0000000713e00000| Complete 
| 120|0x0000000713e00000, 0x0000000714000000, 0x0000000714000000|100%| E|CS|TAMS 0x0000000713e00000, 0x0000000714000000| Complete 
| 121|0x0000000714000000, 0x0000000714200000, 0x0000000714200000|100%| E|CS|TAMS 0x0000000714000000, 0x0000000714200000| Complete 
| 122|0x0000000714200000, 0x0000000714400000, 0x0000000714400000|100%| E|CS|TAMS 0x0000000714200000, 0x0000000714400000| Complete 
| 123|0x0000000714400000, 0x0000000714600000, 0x0000000714600000|100%| E|CS|TAMS 0x0000000714400000, 0x0000000714600000| Complete 
| 124|0x0000000714600000, 0x0000000714800000, 0x0000000714800000|100%| E|CS|TAMS 0x0000000714600000, 0x0000000714800000| Complete 
| 125|0x0000000714800000, 0x0000000714a00000, 0x0000000714a00000|100%| E|CS|TAMS 0x0000000714800000, 0x0000000714a00000| Complete 

Card table byte_map: [0x0000028c9a9d0000,0x0000028c9b1b0000] _byte_map_base: 0x0000028c971a9000

Marking Bits (Prev, Next): (CMBitMap*) 0x0000028c833a9c30, (CMBitMap*) 0x0000028c833a9c70
 Prev Bits: [0x0000028c9b990000, 0x0000028c9f858000)
 Next Bits: [0x0000028c9f860000, 0x0000028ca3728000)

Polling page: 0x0000028c81510000

Metaspace:

Usage:
  Non-class:     18.46 MB used.
      Class:      2.32 MB used.
       Both:     20.78 MB used.

Virtual space:
  Non-class space:       64.00 MB reserved,      18.56 MB ( 29%) committed,  1 nodes.
      Class space:        1.00 GB reserved,       2.44 MB ( <1%) committed,  1 nodes.
             Both:        1.06 GB reserved,      21.00 MB (  2%) committed. 

Chunk freelists:
   Non-Class:  13.25 MB
       Class:  13.52 MB
        Both:  26.77 MB

MaxMetaspaceSize: unlimited
CompressedClassSpaceSize: 1.00 GB
Initial GC threshold: 21.00 MB
Current GC threshold: 21.00 MB
CDS: on
MetaspaceReclaimPolicy: balanced
 - commit_granule_bytes: 65536.
 - commit_granule_words: 8192.
 - virtual_space_node_default_size: 8388608.
 - enlarge_chunks_in_place: 1.
 - new_chunks_are_fully_committed: 0.
 - uncommit_free_chunks: 1.
 - use_allocation_guard: 0.
 - handle_deallocations: 1.


Internal statistics:

num_allocs_failed_limit: 3.
num_arena_births: 160.
num_arena_deaths: 0.
num_vsnodes_births: 2.
num_vsnodes_deaths: 0.
num_space_committed: 336.
num_space_uncommitted: 0.
num_chunks_returned_to_freelist: 3.
num_chunks_taken_from_freelist: 938.
num_chunk_merges: 0.
num_chunk_splits: 616.
num_chunks_enlarged: 465.
num_inconsistent_stats: 0.

CodeHeap 'non-profiled nmethods': size=120000Kb used=2606Kb max_used=3061Kb free=117393Kb
 bounds [0x0000028c92980000, 0x0000028c92c80000, 0x0000028c99eb0000]
CodeHeap 'profiled nmethods': size=120000Kb used=9653Kb max_used=11255Kb free=110346Kb
 bounds [0x0000028c8aeb0000, 0x0000028c8b9c0000, 0x0000028c923e0000]
CodeHeap 'non-nmethods': size=5760Kb used=1228Kb max_used=1264Kb free=4531Kb
 bounds [0x0000028c923e0000, 0x0000028c92650000, 0x0000028c92980000]
 total_blobs=5069 nmethods=4550 adapters=431
 compilation: enabled
              stopped_count=0, restarted_count=0
 full_count=0

Compilation events (20 events):
Event: 5.728 Thread 0x0000028ca6310830 5298       1       org.apache.maven.surefire.api.stream.AbstractStreamDecoder$BufferedStream::getPositionByteBuffer (5 bytes)
Event: 5.728 Thread 0x0000028ca6310830 nmethod 5298 0x0000028c92a08910 code [0x0000028c92a08aa0, 0x0000028c92a08b78]
Event: 5.728 Thread 0x0000028ca6310830 5300       3       java.lang.Throwable::<init> (29 bytes)
Event: 5.728 Thread 0x0000028ca6310830 nmethod 5300 0x0000028c8b1dbd90 code [0x0000028c8b1dbf60, 0x0000028c8b1dc2c8]
Event: 5.728 Thread 0x0000028ca6310830 5299       1       org.apache.maven.surefire.api.stream.AbstractStreamDecoder$MalformedFrameException::readTo (5 bytes)
Event: 5.728 Thread 0x0000028ca6310830 nmethod 5299 0x0000028c92a08610 code [0x0000028c92a087a0, 0x0000028c92a08878]
Event: 5.728 Thread 0x0000028ca6310830 5301  s    1       java.lang.StringBuffer::length (5 bytes)
Event: 5.728 Thread 0x0000028ca6310830 nmethod 5301 0x0000028c92a08210 code [0x0000028c92a083a0, 0x0000028c92a08518]
Event: 5.729 Thread 0x0000028ca6310830 5302       3       java.lang.StringBuilder::append (8 bytes)
Event: 5.729 Thread 0x0000028ca6310830 nmethod 5302 0x0000028c8b037290 code [0x0000028c8b037440, 0x0000028c8b037588]
Event: 5.730 Thread 0x0000028ca6310830 5303       3       java.util.Locale::hashCode (41 bytes)
Event: 5.730 Thread 0x0000028cec874970 5304   !   4       java.nio.CharBuffer::wrap (21 bytes)
Event: 5.731 Thread 0x0000028ca6310830 nmethod 5303 0x0000028c8b1e8810 code [0x0000028c8b1e89c0, 0x0000028c8b1e8bd8]
Event: 5.731 Thread 0x0000028ca6310830 5305       3       java.lang.Exception::<init> (5 bytes)
Event: 5.732 Thread 0x0000028ca6310830 nmethod 5305 0x0000028c8b299a90 code [0x0000028c8b299c60, 0x0000028c8b29a028]
Event: 5.732 Thread 0x0000028ca6310830 5306       3       org.apache.maven.surefire.stream.EventDecoder::getEncodedMagicNumber (4 bytes)
Event: 5.732 Thread 0x0000028ca6310830 nmethod 5306 0x0000028c8b0de710 code [0x0000028c8b0de8a0, 0x0000028c8b0de9b8]
Event: 5.732 Thread 0x0000028ca6310830 5307   !   3       org.apache.maven.surefire.stream.EventDecoder::decode (399 bytes)
Event: 5.737 Thread 0x0000028cec874970 nmethod 5304 0x0000028c92ab2010 code [0x0000028c92ab21a0, 0x0000028c92ab2438]
Event: 5.738 Thread 0x0000028ca6310830 nmethod 5307 0x0000028c8b399510 code [0x0000028c8b399ac0, 0x0000028c8b39c9e8]

GC Heap History (6 events):
Event: 0.470 GC heap before
{Heap before GC invocations=0 (full 0):
 garbage-first heap   total 258048K, used 22528K [0x0000000704e00000, 0x0000000800000000)
  region size 2048K, 11 young (22528K), 0 survivors (0K)
 Metaspace       used 5326K, committed 5568K, reserved 1114112K
  class space    used 638K, committed 768K, reserved 1048576K
}
Event: 0.473 GC heap after
{Heap after GC invocations=1 (full 0):
 garbage-first heap   total 258048K, used 3646K [0x0000000704e00000, 0x0000000800000000)
  region size 2048K, 2 young (4096K), 2 survivors (4096K)
 Metaspace       used 5326K, committed 5568K, reserved 1114112K
  class space    used 638K, committed 768K, reserved 1048576K
}
Event: 0.893 GC heap before
{Heap before GC invocations=1 (full 0):
 garbage-first heap   total 258048K, used 34366K [0x0000000704e00000, 0x0000000800000000)
  region size 2048K, 17 young (34816K), 2 survivors (4096K)
 Metaspace       used 8626K, committed 8704K, reserved 1114112K
  class space    used 1039K, committed 1088K, reserved 1048576K
}
Event: 0.896 GC heap after
{Heap after GC invocations=2 (full 0):
 garbage-first heap   total 258048K, used 4935K [0x0000000704e00000, 0x0000000800000000)
  region size 2048K, 1 young (2048K), 1 survivors (2048K)
 Metaspace       used 8626K, committed 8704K, reserved 1114112K
  class space    used 1039K, committed 1088K, reserved 1048576K
}
Event: 3.271 GC heap before
{Heap before GC invocations=2 (full 0):
 garbage-first heap   total 258048K, used 156487K [0x0000000704e00000, 0x0000000800000000)
  region size 2048K, 75 young (153600K), 1 survivors (2048K)
 Metaspace       used 16088K, committed 16320K, reserved 1114112K
  class space    used 1861K, committed 1984K, reserved 1048576K
}
Event: 3.285 GC heap after
{Heap after GC invocations=3 (full 0):
 garbage-first heap   total 258048K, used 16203K [0x0000000704e00000, 0x0000000800000000)
  region size 2048K, 7 young (14336K), 7 survivors (14336K)
 Metaspace       used 16088K, committed 16320K, reserved 1114112K
  class space    used 1861K, committed 1984K, reserved 1048576K
}

Dll operation events (8 events):
Event: 0.008 Loaded shared library C:\Program Files\Eclipse Adoptium\jdk-17.0.17.10-hotspot\bin\java.dll
Event: 0.027 Loaded shared library C:\Program Files\Eclipse Adoptium\jdk-17.0.17.10-hotspot\bin\jsvml.dll
Event: 0.049 Loaded shared library C:\Program Files\Eclipse Adoptium\jdk-17.0.17.10-hotspot\bin\net.dll
Event: 0.052 Loaded shared library C:\Program Files\Eclipse Adoptium\jdk-17.0.17.10-hotspot\bin\nio.dll
Event: 0.054 Loaded shared library C:\Program Files\Eclipse Adoptium\jdk-17.0.17.10-hotspot\bin\zip.dll
Event: 0.147 Loaded shared library C:\Program Files\Eclipse Adoptium\jdk-17.0.17.10-hotspot\bin\jimage.dll
Event: 0.148 Loaded shared library C:\Users\hp\.m2\wrapper\dists\apache-maven-3.9.12\59fe215c0ad6947fea90184bf7add084544567b927287592651fda3782e0e798\lib\jansi-native\Windows\x86_64\jansi.dll
Event: 0.159 Loaded shared library C:\Program Files\Eclipse Adoptium\jdk-17.0.17.10-hotspot\bin\verify.dll

Deoptimization events (20 events):
Event: 5.719 Thread 0x0000028cec47e130 Uncommon trap: trap_request=0xffffffc6 fr.pc=0x0000028c92aeab58 relative=0x0000000000000118
Event: 5.719 Thread 0x0000028cec47e130 Uncommon trap: reason=bimorphic_or_optimized_type_check action=maybe_recompile pc=0x0000028c92aeab58 method=java.lang.Character.codePointAt(Ljava/lang/CharSequence;I)I @ 2 c2
Event: 5.719 Thread 0x0000028cec47e130 DEOPT PACKING pc=0x0000028c92aeab58 sp=0x000000b5619ff2c0
Event: 5.719 Thread 0x0000028cec47e130 DEOPT UNPACKING pc=0x0000028c9243a1a3 sp=0x000000b5619ff258 mode 2
Event: 5.719 Thread 0x0000028cec47e130 Uncommon trap: trap_request=0xffffff45 fr.pc=0x0000028c92afbb18 relative=0x0000000000000078
Event: 5.719 Thread 0x0000028cec47e130 Uncommon trap: reason=unstable_if action=reinterpret pc=0x0000028c92afbb18 method=java.util.regex.Pattern.lambda$DOT$4(I)Z @ 3 c2
Event: 5.719 Thread 0x0000028cec47e130 DEOPT PACKING pc=0x0000028c92afbb18 sp=0x000000b5619ff2d0
Event: 5.719 Thread 0x0000028cec47e130 DEOPT UNPACKING pc=0x0000028c9243a1a3 sp=0x000000b5619ff208 mode 2
Event: 5.719 Thread 0x0000028cec47e130 Uncommon trap: trap_request=0xffffffc6 fr.pc=0x0000028c92990b7c relative=0x000000000000077c
Event: 5.719 Thread 0x0000028cec47e130 Uncommon trap: reason=bimorphic_or_optimized_type_check action=maybe_recompile pc=0x0000028c92990b7c method=java.util.regex.Pattern$Slice.match(Ljava/util/regex/Matcher;ILjava/lang/CharSequence;)Z @ 49 c2
Event: 5.719 Thread 0x0000028cec47e130 DEOPT PACKING pc=0x0000028c92990b7c sp=0x000000b5619ff230
Event: 5.719 Thread 0x0000028cec47e130 DEOPT UNPACKING pc=0x0000028c9243a1a3 sp=0x000000b5619ff158 mode 2
Event: 5.719 Thread 0x0000028cec47e130 Uncommon trap: trap_request=0xffffffc6 fr.pc=0x0000028c92afc65c relative=0x000000000000021c
Event: 5.719 Thread 0x0000028cec47e130 Uncommon trap: reason=bimorphic_or_optimized_type_check action=maybe_recompile pc=0x0000028c92afc65c method=java.util.regex.Pattern$BmpCharProperty.match(Ljava/util/regex/Matcher;ILjava/lang/CharSequence;)Z @ 14 c2
Event: 5.719 Thread 0x0000028cec47e130 DEOPT PACKING pc=0x0000028c92afc65c sp=0x000000b5619ff1a0
Event: 5.719 Thread 0x0000028cec47e130 DEOPT UNPACKING pc=0x0000028c9243a1a3 sp=0x000000b5619ff160 mode 2
Event: 5.720 Thread 0x0000028cec47e130 Uncommon trap: trap_request=0xffffffc6 fr.pc=0x0000028c92b4021c relative=0x000000000000027c
Event: 5.720 Thread 0x0000028cec47e130 Uncommon trap: reason=bimorphic_or_optimized_type_check action=maybe_recompile pc=0x0000028c92b4021c method=java.util.regex.Matcher.getTextLength()I @ 4 c2
Event: 5.720 Thread 0x0000028cec47e130 DEOPT PACKING pc=0x0000028c92b4021c sp=0x000000b5619ff470
Event: 5.720 Thread 0x0000028cec47e130 DEOPT UNPACKING pc=0x0000028c9243a1a3 sp=0x000000b5619ff3a0 mode 2

Classes loaded (20 events):
Event: 5.643 Loading class java/lang/ProcessImpl$2
Event: 5.643 Loading class java/lang/ProcessImpl$2 done
Event: 5.643 Loading class java/lang/Process$PipeInputStream
Event: 5.643 Loading class java/lang/Process$PipeInputStream done
Event: 5.644 Loading class jdk/internal/event/ProcessStartEvent
Event: 5.644 Loading class jdk/internal/event/ProcessStartEvent done
Event: 5.645 Loading class java/nio/channels/ClosedChannelException
Event: 5.645 Loading class java/nio/channels/ClosedChannelException done
Event: 5.648 Loading class java/nio/channels/NonReadableChannelException
Event: 5.648 Loading class java/nio/channels/NonReadableChannelException done
Event: 5.649 Loading class java/nio/channels/NonWritableChannelException
Event: 5.649 Loading class java/nio/channels/NonWritableChannelException done
Event: 5.673 Loading class java/util/Scanner
Event: 5.674 Loading class java/util/Scanner done
Event: 5.678 Loading class java/util/Scanner$PatternLRUCache
Event: 5.678 Loading class java/util/Scanner$PatternLRUCache done
Event: 5.719 Loading class java/util/regex/Matcher$ImmutableMatchResult
Event: 5.719 Loading class java/util/regex/Matcher$ImmutableMatchResult done
Event: 5.724 Loading class java/util/concurrent/atomic/Striped64$1
Event: 5.724 Loading class java/util/concurrent/atomic/Striped64$1 done

Classes unloaded (0 events):
No events

Classes redefined (0 events):
No events

Internal exceptions (20 events):
Event: 1.471 Thread 0x0000028c8127e7a0 Exception <a 'java/lang/NoSuchMethodError'{0x0000000712cf64e0}: 'java.lang.Object java.lang.invoke.DirectMethodHandle$Holder.invokeVirtual(java.lang.Object, java.lang.Object, java.lang.Object)'> (0x0000000712cf64e0) 
thrown [s\src\hotspot\share\interpreter\linkResolver.cpp, line 759]
Event: 2.023 Thread 0x0000028c8127e7a0 Exception <a 'java/lang/NoSuchMethodError'{0x0000000710a7b6f0}: 'void java.lang.invoke.DirectMethodHandle$Holder.invokeStatic(java.lang.Object, java.lang.Object, java.lang.Object, java.lang.Object)'> (0x0000000710a7b6f0) 
thrown [s\src\hotspot\share\interpreter\linkResolver.cpp, line 759]
Event: 2.030 Thread 0x0000028c8127e7a0 Exception <a 'java/lang/NoSuchMethodError'{0x0000000710a97150}: 'int java.lang.invoke.DirectMethodHandle$Holder.invokeSpecialIFC(java.lang.Object, java.lang.Object, java.lang.Object, java.lang.Object)'> (0x0000000710a97150) 
thrown [s\src\hotspot\share\interpreter\linkResolver.cpp, line 759]
Event: 3.189 Thread 0x0000028c8127e7a0 Implicit null exception at 0x0000028c92b8836d to 0x0000028c92b8853c
Event: 3.189 Thread 0x0000028c8127e7a0 Implicit null exception at 0x0000028c92b7d76d to 0x0000028c92b7d938
Event: 3.334 Thread 0x0000028c8127e7a0 Exception <a 'java/lang/NoSuchMethodError'{0x00000007146462a8}: 'java.lang.Object java.lang.invoke.DirectMethodHandle$Holder.newInvokeSpecial(java.lang.Object, java.lang.Object, java.lang.Object, java.lang.Object, java.lang.Object, java.lang.Object, java.lang.Object)'> (0x00000007146462a8) 
thrown [s\src\hotspot\share\interpreter\linkResolver.cpp, line 759]
Event: 3.335 Thread 0x0000028c8127e7a0 Exception <a 'java/lang/NoSuchMethodError'{0x000000071464abb8}: 'java.lang.Object java.lang.invoke.Invokers$Holder.linkToTargetMethod(java.lang.Object, java.lang.Object, java.lang.Object, java.lang.Object, java.lang.Object, java.lang.Object, java.lang.Object)'> (0x000000071464abb8) 
thrown [s\src\hotspot\share\interpreter\linkResolver.cpp, line 759]
Event: 3.338 Thread 0x0000028c8127e7a0 Implicit null exception at 0x0000028c92bb5a66 to 0x0000028c92bb66bc
Event: 3.345 Thread 0x0000028c8127e7a0 Implicit null exception at 0x0000028c92bcb004 to 0x0000028c92bcf078
Event: 3.535 Thread 0x0000028c8127e7a0 Implicit null exception at 0x0000028c92b945af to 0x0000028c92b94da0
Event: 3.552 Thread 0x0000028c8127e7a0 Exception <a 'java/lang/NoSuchMethodError'{0x0000000713e9b298}: 'int java.lang.invoke.DirectMethodHandle$Holder.invokeVirtual(java.lang.Object, java.lang.Object)'> (0x0000000713e9b298) 
thrown [s\src\hotspot\share\interpreter\linkResolver.cpp, line 759]
Event: 3.583 Thread 0x0000028c8127e7a0 Implicit null exception at 0x0000028c92a0ca58 to 0x0000028c92a0caee
Event: 3.609 Thread 0x0000028c8127e7a0 Exception <a 'java/lang/NoSuchMethodError'{0x0000000713ca0300}: 'int java.lang.invoke.DirectMethodHandle$Holder.invokeStatic(java.lang.Object, java.lang.Object, int)'> (0x0000000713ca0300) 
thrown [s\src\hotspot\share\interpreter\linkResolver.cpp, line 759]
Event: 4.943 Thread 0x0000028cee5ecd10 Exception <a 'java/lang/NoSuchMethodError'{0x000000071143c728}: 'java.lang.Object java.lang.invoke.DirectMethodHandle$Holder.invokeStaticInit(java.lang.Object, java.lang.Object, long, java.lang.Object)'> (0x000000071143c728) 
thrown [s\src\hotspot\share\interpreter\linkResolver.cpp, line 759]
Event: 4.945 Thread 0x0000028cee5ecd10 Exception <a 'java/lang/NoSuchMethodError'{0x0000000711442ed0}: 'java.lang.Object java.lang.invoke.DirectMethodHandle$Holder.newInvokeSpecial(java.lang.Object, java.lang.Object, long)'> (0x0000000711442ed0) 
thrown [s\src\hotspot\share\interpreter\linkResolver.cpp, line 759]
Event: 4.946 Thread 0x0000028cee5ecd10 Exception <a 'java/lang/NoSuchMethodError'{0x00000007114471c0}: 'java.lang.Object java.lang.invoke.Invokers$Holder.linkToTargetMethod(java.lang.Object, long, java.lang.Object)'> (0x00000007114471c0) 
thrown [s\src\hotspot\share\interpreter\linkResolver.cpp, line 759]
Event: 5.009 Thread 0x0000028c8127e7a0 Exception <a 'java/lang/NoSuchMethodError'{0x00000007112ead00}: 'int java.lang.invoke.DirectMethodHandle$Holder.invokeInterface(java.lang.Object, java.lang.Object)'> (0x00000007112ead00) 
thrown [s\src\hotspot\share\interpreter\linkResolver.cpp, line 759]
Event: 5.192 Thread 0x0000028c8127e7a0 Exception <a 'java/lang/NoSuchMethodError'{0x0000000711346e60}: 'java.lang.Object java.lang.invoke.DirectMethodHandle$Holder.invokeStaticInit(java.lang.Object, java.lang.Object, int, int, int, int)'> (0x0000000711346e60) 
thrown [s\src\hotspot\share\interpreter\linkResolver.cpp, line 759]
Event: 5.641 Thread 0x0000028c8127e7a0 Exception <a 'java/lang/NoSuchMethodError'{0x00000007106bef30}: 'void java.lang.invoke.DirectMethodHandle$Holder.invokeStatic(java.lang.Object, long)'> (0x00000007106bef30) 
thrown [s\src\hotspot\share\interpreter\linkResolver.cpp, line 759]
Event: 5.642 Thread 0x0000028c8127e7a0 Exception <a 'java/lang/NoSuchMethodError'{0x00000007106c4778}: 'java.lang.Object java.lang.invoke.DirectMethodHandle$Holder.newInvokeSpecial(java.lang.Object, long)'> (0x00000007106c4778) 
thrown [s\src\hotspot\share\interpreter\linkResolver.cpp, line 759]

VM Operations (20 events):
Event: 4.957 Executing VM operation: HandshakeAllThreads
Event: 4.958 Executing VM operation: HandshakeAllThreads done
Event: 5.006 Executing VM operation: HandshakeAllThreads
Event: 5.006 Executing VM operation: HandshakeAllThreads done
Event: 5.042 Executing VM operation: HandshakeAllThreads
Event: 5.042 Executing VM operation: HandshakeAllThreads done
Event: 5.185 Executing VM operation: HandshakeAllThreads
Event: 5.185 Executing VM operation: HandshakeAllThreads done
Event: 5.483 Executing VM operation: HandshakeAllThreads
Event: 5.483 Executing VM operation: HandshakeAllThreads done
Event: 5.509 Executing VM operation: HandshakeAllThreads
Event: 5.510 Executing VM operation: HandshakeAllThreads done
Event: 5.510 Executing VM operation: HandshakeAllThreads
Event: 5.510 Executing VM operation: HandshakeAllThreads done
Event: 5.608 Executing VM operation: HandshakeAllThreads
Event: 5.608 Executing VM operation: HandshakeAllThreads done
Event: 5.644 Executing VM operation: HandshakeAllThreads
Event: 5.644 Executing VM operation: HandshakeAllThreads done
Event: 5.648 Executing VM operation: HandshakeAllThreads
Event: 5.648 Executing VM operation: HandshakeAllThreads done

Memory protections (0 events):
No events

Nmethod flushes (20 events):
Event: 5.015 Thread 0x0000028ca63139c0 flushing  nmethod 0x0000028c8b615b10
Event: 5.015 Thread 0x0000028ca63139c0 flushing  nmethod 0x0000028c8b615f90
Event: 5.015 Thread 0x0000028ca63139c0 flushing  nmethod 0x0000028c8b622810
Event: 5.015 Thread 0x0000028ca63139c0 flushing  nmethod 0x0000028c8b638610
Event: 5.016 Thread 0x0000028ca63139c0 flushing  nmethod 0x0000028c8b6a1910
Event: 5.016 Thread 0x0000028ca63139c0 flushing  nmethod 0x0000028c8b6c8c10
Event: 5.016 Thread 0x0000028ca63139c0 flushing  nmethod 0x0000028c8b6cdd10
Event: 5.016 Thread 0x0000028ca63139c0 flushing  nmethod 0x0000028c8b77ec10
Event: 5.017 Thread 0x0000028ca63139c0 flushing  nmethod 0x0000028c8b7f3a90
Event: 5.017 Thread 0x0000028ca63139c0 flushing  nmethod 0x0000028c8b7f3f10
Event: 5.017 Thread 0x0000028ca63139c0 flushing  nmethod 0x0000028c8b7f5010
Event: 5.017 Thread 0x0000028ca63139c0 flushing  nmethod 0x0000028c8b7f6310
Event: 5.017 Thread 0x0000028ca63139c0 flushing  nmethod 0x0000028c8b7f9890
Event: 5.017 Thread 0x0000028ca63139c0 flushing  nmethod 0x0000028c8b7fc990
Event: 5.017 Thread 0x0000028ca63139c0 flushing  nmethod 0x0000028c8b7ff010
Event: 5.018 Thread 0x0000028ca63139c0 flushing  nmethod 0x0000028c8b84e610
Event: 5.018 Thread 0x0000028ca63139c0 flushing  nmethod 0x0000028c8b87ed90
Event: 5.018 Thread 0x0000028ca63139c0 flushing  nmethod 0x0000028c8b88c910
Event: 5.018 Thread 0x0000028ca63139c0 flushing  nmethod 0x0000028c8b892a90
Event: 5.019 Thread 0x0000028ca63139c0 flushing  nmethod 0x0000028c8b902f10

Events (20 events):
Event: 0.037 Thread 0x0000028c8127e7a0 Thread added: 0x0000028ca63139c0
Event: 0.045 Thread 0x0000028c8127e7a0 Thread added: 0x0000028ca6454e20
Event: 0.046 Thread 0x0000028c8127e7a0 Thread added: 0x0000028ca647add0
Event: 0.146 Thread 0x0000028c8127e7a0 Thread added: 0x0000028ca67cb100
Event: 0.153 Thread 0x0000028ca67cb100 Thread exited: 0x0000028ca67cb100
Event: 0.202 Thread 0x0000028ca6310830 Thread added: 0x0000028ca686b190
Event: 0.461 Thread 0x0000028ca6310830 Thread added: 0x0000028cec231060
Event: 1.373 Thread 0x0000028c8127e7a0 Thread added: 0x0000028cec74ee30
Event: 4.923 Thread 0x0000028c8127e7a0 Thread added: 0x0000028cee5ecd10
Event: 4.952 Thread 0x0000028cee5ecd10 Thread exited: 0x0000028cee5ecd10
Event: 5.186 Thread 0x0000028cec231060 Thread exited: 0x0000028cec231060
Event: 5.186 Thread 0x0000028ca686b190 Thread exited: 0x0000028ca686b190
Event: 5.211 Thread 0x0000028ca6310830 Thread added: 0x0000028cec874970
Event: 5.351 Thread 0x0000028c8127e7a0 Thread added: 0x0000028ca66eeae0
Event: 5.361 Thread 0x0000028c8127e7a0 Thread added: 0x0000028ca68662d0
Event: 5.546 Thread 0x0000028ca6310830 Thread added: 0x0000028cecd9d3f0
Event: 5.610 Thread 0x0000028c8127e7a0 Thread added: 0x0000028cec47dc20
Event: 5.673 Thread 0x0000028c8127e7a0 Thread added: 0x0000028cec47e130
Event: 5.674 Thread 0x0000028c8127e7a0 Thread added: 0x0000028cec47d710
Event: 5.691 Thread 0x0000028c8127e7a0 Thread added: 0x0000028cec47e640


Dynamic libraries:
0x00007ff6535f0000 - 0x00007ff6535fe000 	C:\Program Files\Eclipse Adoptium\jdk-17.0.17.10-hotspot\bin\java.exe
0x00007ff8c9bc0000 - 0x00007ff8c9e27000 	C:\WINDOWS\SYSTEM32\ntdll.dll
0x00007ff8c8430000 - 0x00007ff8c84f9000 	C:\WINDOWS\System32\KERNEL32.DLL
0x00007ff8c7280000 - 0x00007ff8c7671000 	C:\WINDOWS\System32\KERNELBASE.dll
0x00007ff8c65d0000 - 0x00007ff8c671b000 	C:\WINDOWS\System32\ucrtbase.dll
0x00007ff89fa50000 - 0x00007ff89fa6e000 	C:\Program Files\Eclipse Adoptium\jdk-17.0.17.10-hotspot\bin\VCRUNTIME140.dll
0x00007ff89e7c0000 - 0x00007ff89e7d8000 	C:\Program Files\Eclipse Adoptium\jdk-17.0.17.10-hotspot\bin\jli.dll
0x00007ff8c9950000 - 0x00007ff8c9b15000 	C:\WINDOWS\System32\USER32.dll
0x00007ff8c7110000 - 0x00007ff8c7137000 	C:\WINDOWS\System32\win32u.dll
0x00007ff89ece0000 - 0x00007ff89ef73000 	C:\WINDOWS\WinSxS\amd64_microsoft.windows.common-controls_6595b64144ccf1df_6.0.26100.7922_none_3e089e1ee3342171\COMCTL32.dll
0x00007ff8c8400000 - 0x00007ff8c842b000 	C:\WINDOWS\System32\GDI32.dll
0x00007ff8c8500000 - 0x00007ff8c85a9000 	C:\WINDOWS\System32\msvcrt.dll
0x00007ff8c64a0000 - 0x00007ff8c65ca000 	C:\WINDOWS\System32\gdi32full.dll
0x00007ff8c7140000 - 0x00007ff8c71e3000 	C:\WINDOWS\System32\msvcp_win.dll
0x00007ff8c8ec0000 - 0x00007ff8c8ef1000 	C:\WINDOWS\System32\IMM32.DLL
0x00007ff8b0fb0000 - 0x00007ff8b0fbc000 	C:\Program Files\Eclipse Adoptium\jdk-17.0.17.10-hotspot\bin\vcruntime140_1.dll
0x00007ff893a90000 - 0x00007ff893b1d000 	C:\Program Files\Eclipse Adoptium\jdk-17.0.17.10-hotspot\bin\msvcp140.dll
0x00007ff816290000 - 0x00007ff816efb000 	C:\Program Files\Eclipse Adoptium\jdk-17.0.17.10-hotspot\bin\server\jvm.dll
0x00007ff8c85b0000 - 0x00007ff8c866b000 	C:\WINDOWS\System32\ADVAPI32.dll
0x00007ff8c8cb0000 - 0x00007ff8c8d57000 	C:\WINDOWS\System32\sechost.dll
0x00007ff8c8250000 - 0x00007ff8c8368000 	C:\WINDOWS\System32\RPCRT4.dll
0x00007ff8c8380000 - 0x00007ff8c83f4000 	C:\WINDOWS\System32\WS2_32.dll
0x00007ff8c6320000 - 0x00007ff8c637e000 	C:\WINDOWS\SYSTEM32\POWRPROF.dll
0x00007ff8ba020000 - 0x00007ff8ba055000 	C:\WINDOWS\SYSTEM32\WINMM.dll
0x00007ff8bb180000 - 0x00007ff8bb18b000 	C:\WINDOWS\SYSTEM32\VERSION.dll
0x00007ff8c62e0000 - 0x00007ff8c62f4000 	C:\WINDOWS\SYSTEM32\UMPDC.dll
0x00007ff8c51f0000 - 0x00007ff8c520b000 	C:\WINDOWS\SYSTEM32\kernel.appcore.dll
0x00007ff8a3710000 - 0x00007ff8a371a000 	C:\Program Files\Eclipse Adoptium\jdk-17.0.17.10-hotspot\bin\jimage.dll
0x00007ff8c4380000 - 0x00007ff8c45c2000 	C:\WINDOWS\SYSTEM32\DBGHELP.DLL
0x00007ff8c9490000 - 0x00007ff8c9812000 	C:\WINDOWS\System32\combase.dll
0x00007ff8c90a0000 - 0x00007ff8c9177000 	C:\WINDOWS\System32\OLEAUT32.dll
0x00007ff89f330000 - 0x00007ff89f36b000 	C:\WINDOWS\SYSTEM32\dbgcore.DLL
0x00007ff8c77f0000 - 0x00007ff8c7895000 	C:\WINDOWS\System32\bcryptPrimitives.dll
0x00007ff89e760000 - 0x00007ff89e785000 	C:\Program Files\Eclipse Adoptium\jdk-17.0.17.10-hotspot\bin\java.dll
0x00007ff88c420000 - 0x00007ff88c4f7000 	C:\Program Files\Eclipse Adoptium\jdk-17.0.17.10-hotspot\bin\jsvml.dll
0x00007ff8c79e0000 - 0x00007ff8c813f000 	C:\WINDOWS\System32\SHELL32.dll
0x00007ff8c7680000 - 0x00007ff8c77ea000 	C:\WINDOWS\System32\wintypes.dll
0x00007ff8c6720000 - 0x00007ff8c6f84000 	C:\WINDOWS\System32\windows.storage.dll
0x00007ff8c8150000 - 0x00007ff8c8247000 	C:\WINDOWS\System32\SHCORE.dll
0x00007ff8c8c30000 - 0x00007ff8c8c97000 	C:\WINDOWS\System32\shlwapi.dll
0x00007ff8c63c0000 - 0x00007ff8c63e9000 	C:\WINDOWS\SYSTEM32\profapi.dll
0x00007ff89e680000 - 0x00007ff89e69a000 	C:\Program Files\Eclipse Adoptium\jdk-17.0.17.10-hotspot\bin\net.dll
0x00007ff8bdd10000 - 0x00007ff8bde37000 	C:\WINDOWS\SYSTEM32\WINHTTP.dll
0x00007ff8c5740000 - 0x00007ff8c57ab000 	C:\WINDOWS\system32\mswsock.dll
0x00007ff89e3a0000 - 0x00007ff89e3b6000 	C:\Program Files\Eclipse Adoptium\jdk-17.0.17.10-hotspot\bin\nio.dll
0x00007ff89e0f0000 - 0x00007ff89e108000 	C:\Program Files\Eclipse Adoptium\jdk-17.0.17.10-hotspot\bin\zip.dll
0x00007ff89cdf0000 - 0x00007ff89ce14000 	C:\Users\hp\.m2\wrapper\dists\apache-maven-3.9.12\59fe215c0ad6947fea90184bf7add084544567b927287592651fda3782e0e798\lib\jansi-native\Windows\x86_64\jansi.dll
0x00007ff8a35e0000 - 0x00007ff8a35f0000 	C:\Program Files\Eclipse Adoptium\jdk-17.0.17.10-hotspot\bin\verify.dll
0x00007ff8c5b40000 - 0x00007ff8c5b5b000 	C:\WINDOWS\SYSTEM32\CRYPTSP.dll
0x00007ff8c5150000 - 0x00007ff8c5189000 	C:\WINDOWS\system32\rsaenh.dll
0x00007ff8c57f0000 - 0x00007ff8c5822000 	C:\WINDOWS\SYSTEM32\USERENV.dll
0x00007ff8c6390000 - 0x00007ff8c63ba000 	C:\WINDOWS\SYSTEM32\bcrypt.dll
0x00007ff8c59a0000 - 0x00007ff8c59ac000 	C:\WINDOWS\SYSTEM32\CRYPTBASE.dll
0x00007ff8c4b00000 - 0x00007ff8c4b33000 	C:\WINDOWS\SYSTEM32\IPHLPAPI.DLL
0x00007ff8c8ca0000 - 0x00007ff8c8caa000 	C:\WINDOWS\System32\NSI.dll
0x00007ff8bdfa0000 - 0x00007ff8bdfbd000 	C:\WINDOWS\SYSTEM32\dhcpcsvc6.DLL
0x00007ff8bdf70000 - 0x00007ff8bdf93000 	C:\WINDOWS\SYSTEM32\dhcpcsvc.DLL
0x00007ff8c4cd0000 - 0x00007ff8c4dfa000 	C:\WINDOWS\SYSTEM32\DNSAPI.dll

dbghelp: loaded successfully - version: 4.0.5 - missing functions: none
symbol engine: initialized successfully - sym options: 0x614 - pdb path: .;C:\Program Files\Eclipse Adoptium\jdk-17.0.17.10-hotspot\bin;C:\WINDOWS\SYSTEM32;C:\WINDOWS\WinSxS\amd64_microsoft.windows.common-controls_6595b64144ccf1df_6.0.26100.7922_none_3e089e1ee3342171;C:\Program Files\Eclipse Adoptium\jdk-17.0.17.10-hotspot\bin\server;C:\Users\hp\.m2\wrapper\dists\apache-maven-3.9.12\59fe215c0ad6947fea90184bf7add084544567b927287592651fda3782e0e798\lib\jansi-native\Windows\x86_64

VM Arguments:
jvm_args: --enable-native-access=ALL-UNNAMED -Dclassworlds.conf=C:\Users\hp\.m2\wrapper\dists\apache-maven-3.9.12\59fe215c0ad6947fea90184bf7add084544567b927287592651fda3782e0e798\bin\m2.conf -Dmaven.home=C:\Users\hp\.m2\wrapper\dists\apache-maven-3.9.12\59fe215c0ad6947fea90184bf7add084544567b927287592651fda3782e0e798 -Dlibrary.jansi.path=C:\Users\hp\.m2\wrapper\dists\apache-maven-3.9.12\59fe215c0ad6947fea90184bf7add084544567b927287592651fda3782e0e798\lib\jansi-native -Dmaven.multiModuleProjectDirectory=C:\Users\hp\Desktop\back final avec 3 metiers\schoolplatform\club-service 
java_command: org.codehaus.plexus.classworlds.launcher.Launcher test
java_class_path (initial): C:\Users\hp\.m2\wrapper\dists\apache-maven-3.9.12\59fe215c0ad6947fea90184bf7add084544567b927287592651fda3782e0e798\boot\plexus-classworlds-2.9.0.jar
Launcher Type: SUN_STANDARD

[Global flags]
     intx CICompilerCount                          = 4                                         {product} {ergonomic}
     uint ConcGCThreads                            = 2                                         {product} {ergonomic}
     uint G1ConcRefinementThreads                  = 8                                         {product} {ergonomic}
   size_t G1HeapRegionSize                         = 2097152                                   {product} {ergonomic}
    uintx GCDrainStackTargetSize                   = 64                                        {product} {ergonomic}
   size_t InitialHeapSize                          = 264241152                                 {product} {ergonomic}
   size_t MarkStackSize                            = 4194304                                   {product} {ergonomic}
   size_t MaxHeapSize                              = 4213178368                                {product} {ergonomic}
   size_t MaxNewSize                               = 2527068160                                {product} {ergonomic}
   size_t MinHeapDeltaBytes                        = 2097152                                   {product} {ergonomic}
   size_t MinHeapSize                              = 8388608                                   {product} {ergonomic}
    uintx NonNMethodCodeHeapSize                   = 5839372                                {pd product} {ergonomic}
    uintx NonProfiledCodeHeapSize                  = 122909434                              {pd product} {ergonomic}
    uintx ProfiledCodeHeapSize                     = 122909434                              {pd product} {ergonomic}
    uintx ReservedCodeCacheSize                    = 251658240                              {pd product} {ergonomic}
     bool SegmentedCodeCache                       = true                                      {product} {ergonomic}
   size_t SoftMaxHeapSize                          = 4213178368                             {manageable} {ergonomic}
     bool UseCompressedClassPointers               = true                           {product lp64_product} {ergonomic}
     bool UseCompressedOops                        = true                           {product lp64_product} {ergonomic}
     bool UseG1GC                                  = true                                      {product} {ergonomic}
     bool UseLargePagesIndividualAllocation        = false                                  {pd product} {ergonomic}

Logging:
Log output configuration:
 #0: stdout all=warning uptime,level,tags
 #1: stderr all=off uptime,level,tags

Environment Variables:
PATH=C:\Program Files\Eclipse Adoptium\jdk-17.0.17.10-hotspot\bin;C:\oraclexe\app\oracle\product\11.2.0\server\bin;C:\Program Files (x86)\VMware\VMware Workstation\bin\;C:\Program Files\Common Files\Oracle\Java\javapath;C:\WINDOWS\system32;C:\WINDOWS;C:\WINDOWS\System32\Wbem;C:\WINDOWS\System32\WindowsPowerShell\v1.0\;C:\WINDOWS\System32\OpenSSH\;C:\xampp\php;C:\composer;C:\Users\hp\scoop\apps\symfony-cli\5.10.2;C:\Users\hp\Downloads\jdk-17_windows-x64_bin.zip\jdk-17.0.12\bin;C:\Program Files\Git\cmd;C:\Program Files\Microsoft SQL Server\150\Tools\Binn\;C:\Program Files\Microsoft SQL Server\170\Tools\Binn\;C:\Program Files\Docker\Docker\resources\bin;C:\Program Files\nodejs\;C:\Users\hp\scoop\shims;C:\Users\hp\AppData\Local\Programs\Python\Launcher\;C:\Users\hp\AppData\Local\Microsoft\WindowsApps;C:\Users\hp\AppData\Local\Programs\Microsoft VS Code\bin;C:\Users\hp\AppData\Roaming\Composer\vendor\bin;C:\Users\hp\AppData\Local\Programs\mongosh\;C:\Users\hp\AppData\Roaming\npm;C:\Users\hp\AppData\Local\Programs\cursor\resources\app\bin;C:\Users\hp\AppData\Local\Programs\Windsurf\bin;C:\Users\hp\AppData\Local\Programs\Antigravity\bin
USERNAME=hp
OS=Windows_NT
PROCESSOR_IDENTIFIER=Intel64 Family 6 Model 140 Stepping 1, GenuineIntel
TMP=C:\Users\hp\AppData\Local\Temp
TEMP=C:\Users\hp\AppData\Local\Temp



Periodic native trim disabled


---------------  S Y S T E M  ---------------

OS:
 Windows 11 , 64 bit Build 26100 (10.0.26100.7920)
OS uptime: 8 days 0:23 hours
Hyper-V role detected

CPU: total 8 (initial active 8) (4 cores per cpu, 2 threads per core) family 6 model 140 stepping 1 microcode 0xbe, cx8, cmov, fxsr, ht, mmx, 3dnowpref, sse, sse2, sse3, ssse3, sse4.1, sse4.2, popcnt, lzcnt, tsc, tscinvbit, avx, avx2, aes, erms, clmul, bmi1, bmi2, adx, avx512f, avx512dq, avx512cd, avx512bw, avx512vl, sha, fma, vzeroupper, avx512_vpopcntdq, avx512_vpclmulqdq, avx512_vaes, avx512_vnni, clflush, clflushopt, clwb, avx512_vbmi2, avx512_vbmi, hv
Processor Information for processor 0
  Max Mhz: 2611, Current Mhz: 1205, Mhz Limit: 2611
Processor Information for processor 1
  Max Mhz: 2611, Current Mhz: 1205, Mhz Limit: 2611
Processor Information for processor 2
  Max Mhz: 2611, Current Mhz: 1205, Mhz Limit: 2611
Processor Information for processor 3
  Max Mhz: 2611, Current Mhz: 1205, Mhz Limit: 2611
Processor Information for processor 4
  Max Mhz: 2611, Current Mhz: 1205, Mhz Limit: 2611
Processor Information for processor 5
  Max Mhz: 2611, Current Mhz: 2611, Mhz Limit: 2611
Processor Information for processor 6
  Max Mhz: 2611, Current Mhz: 2611, Mhz Limit: 2611
Processor Information for processor 7
  Max Mhz: 2611, Current Mhz: 1205, Mhz Limit: 2611

Memory: 4k page, system-wide physical 16064M (1465M free)
TotalPageFile size 29953M (AvailPageFile size 320M)
current process WorkingSet (physical memory assigned to process): 315M, peak: 318M
current process commit charge ("private bytes"): 403M, peak: 419M

vm_info: OpenJDK 64-Bit Server VM (17.0.17+10) for windows-amd64 JRE (17.0.17+10), built on Oct 21 2025 23:25:32 by "admin" with unknown MS VC++:1942

END.
