#
# There is insufficient memory for the Java Runtime Environment to continue.
# Native memory allocation (malloc) failed to allocate 1876976 bytes. Error detail: Chunk::new
# Possible reasons:
#   The system is out of physical RAM or swap space
#   This process is running with CompressedOops enabled, and the Java Heap may be blocking the growth of the native heap
# Possible solutions:
#   Reduce memory load on the system
#   Increase physical memory or swap space
#   Check if swap backing store is full
#   Decrease Java heap size (-Xmx/-Xms)
#   Decrease number of Java threads
#   Decrease Java thread stack sizes (-Xss)
#   Set larger code cache with -XX:ReservedCodeCacheSize=
#   JVM is running with Zero Based Compressed Oops mode in which the Java heap is
#     placed in the first 32GB address space. The Java Heap base address is the
#     maximum limit for the native heap growth. Please use -XX:HeapBaseMinAddress
#     to set the Java Heap base and to place the Java Heap above 32GB virtual address.
# This output file may be truncated or incomplete.
#
#  Out of Memory Error (arena.cpp:191), pid=21624, tid=19340
#
# JRE version: OpenJDK Runtime Environment Temurin-17.0.17+10 (17.0.17+10) (build 17.0.17+10)
# Java VM: OpenJDK 64-Bit Server VM Temurin-17.0.17+10 (17.0.17+10, mixed mode, sharing, tiered, compressed oops, compressed class ptrs, g1 gc, windows-amd64)
# No core dump will be written. Minidumps are not enabled by default on client versions of Windows
#

---------------  S U M M A R Y ------------

Command Line: C:\Users\hp\AppData\Local\Temp\surefire12426126774929456649\surefirebooter-20260410133541978_3.jar C:\Users\hp\AppData\Local\Temp\surefire12426126774929456649 2026-04-10T13-35-41_700-jvmRun1 surefire-20260410133541978_1tmp surefire_0-20260410133541978_2tmp

Host: 11th Gen Intel(R) Core(TM) i5-1145G7 @ 2.60GHz, 8 cores, 15G,  Windows 11 , 64 bit Build 26100 (10.0.26100.7920)
Time: Fri Apr 10 13:35:44 2026 Afr. centrale Ouest elapsed time: 2.417938 seconds (0d 0h 0m 2s)

---------------  T H R E A D  ---------------

Current thread (0x000002292c739ef0):  JavaThread "C2 CompilerThread2" daemon [_thread_in_native, id=19340, stack(0x0000009726c00000,0x0000009726d00000)]


Current CompileTask:
C2:2418 1959       4       java.lang.invoke.MethodType::makeImpl (109 bytes)

Stack: [0x0000009726c00000,0x0000009726d00000]
Native frames: (J=compiled Java code, j=interpreted, Vv=VM code, C=native code)
V  [jvm.dll+0x683fb9]
V  [jvm.dll+0x83a1b5]
V  [jvm.dll+0x83bc2e]
V  [jvm.dll+0x83c2b3]
V  [jvm.dll+0x248eff]
V  [jvm.dll+0xad496]
V  [jvm.dll+0xadb3c]
V  [jvm.dll+0x3689ef]
V  [jvm.dll+0x332fa5]
V  [jvm.dll+0x33240a]
V  [jvm.dll+0x219db9]
V  [jvm.dll+0x219200]
V  [jvm.dll+0x1a4920]
V  [jvm.dll+0x22989a]
V  [jvm.dll+0x227a4b]
V  [jvm.dll+0x7effb8]
V  [jvm.dll+0x7ea44c]
V  [jvm.dll+0x682e87]
C  [ucrtbase.dll+0x37b0]
C  [KERNEL32.DLL+0x2e8d7]
C  [ntdll.dll+0x8c48c]


---------------  P R O C E S S  ---------------

Threads class SMR info:
_java_thread_list=0x000002292d6aa740, length=16, elements={
0x00000228c1378ad0, 0x00000228e5fc5cd0, 0x00000228e5fc6890, 0x000002292b151f80,
0x000002292b152940, 0x000002292b153300, 0x000002292b153cc0, 0x000002292b1549b0,
0x000002292b169490, 0x000002292b17cc00, 0x000002292b2b1e10, 0x000002292b2b7dc0,
0x000002292b3daf30, 0x000002292ba943a0, 0x000002292b741810, 0x000002292c739ef0
}

Java Threads: ( => current thread )
  0x00000228c1378ad0 JavaThread "main" [_thread_in_native, id=29656, stack(0x0000009725600000,0x0000009725700000)]
  0x00000228e5fc5cd0 JavaThread "Reference Handler" daemon [_thread_blocked, id=17612, stack(0x0000009725d00000,0x0000009725e00000)]
  0x00000228e5fc6890 JavaThread "Finalizer" daemon [_thread_blocked, id=20540, stack(0x0000009725e00000,0x0000009725f00000)]
  0x000002292b151f80 JavaThread "Signal Dispatcher" daemon [_thread_blocked, id=29288, stack(0x0000009725f00000,0x0000009726000000)]
  0x000002292b152940 JavaThread "Attach Listener" daemon [_thread_blocked, id=25740, stack(0x0000009726000000,0x0000009726100000)]
  0x000002292b153300 JavaThread "Service Thread" daemon [_thread_blocked, id=26892, stack(0x0000009726100000,0x0000009726200000)]
  0x000002292b153cc0 JavaThread "Monitor Deflation Thread" daemon [_thread_blocked, id=15272, stack(0x0000009726200000,0x0000009726300000)]
  0x000002292b1549b0 JavaThread "C2 CompilerThread0" daemon [_thread_blocked, id=11676, stack(0x0000009726300000,0x0000009726400000)]
  0x000002292b169490 JavaThread "C1 CompilerThread0" daemon [_thread_blocked, id=29152, stack(0x0000009726400000,0x0000009726500000)]
  0x000002292b17cc00 JavaThread "Sweeper thread" daemon [_thread_blocked, id=19724, stack(0x0000009726500000,0x0000009726600000)]
  0x000002292b2b1e10 JavaThread "Notification Thread" daemon [_thread_blocked, id=4140, stack(0x0000009726600000,0x0000009726700000)]
  0x000002292b2b7dc0 JavaThread "Common-Cleaner" daemon [_thread_blocked, id=26448, stack(0x0000009726800000,0x0000009726900000)]
  0x000002292b3daf30 JavaThread "C2 CompilerThread1" daemon [_thread_in_native, id=6056, stack(0x0000009726900000,0x0000009726a00000)]
  0x000002292ba943a0 JavaThread "surefire-forkedjvm-stream-flusher" daemon [_thread_blocked, id=24760, stack(0x0000009726a00000,0x0000009726b00000)]
  0x000002292b741810 JavaThread "surefire-forkedjvm-command-thread" daemon [_thread_in_native, id=12168, stack(0x0000009726b00000,0x0000009726c00000)]
=>0x000002292c739ef0 JavaThread "C2 CompilerThread2" daemon [_thread_in_native, id=19340, stack(0x0000009726c00000,0x0000009726d00000)]

Other Threads:
  0x00000228e5fc27a0 VMThread "VM Thread" [stack: 0x0000009725c00000,0x0000009725d00000] [id=8140]
  0x000002292b2b2700 WatcherThread [stack: 0x0000009726700000,0x0000009726800000] [id=2932]
  0x00000228c13e4950 GCTaskThread "GC Thread#0" [stack: 0x0000009725700000,0x0000009725800000] [id=20176]
  0x000002292bb684a0 GCTaskThread "GC Thread#1" [stack: 0x0000009726d00000,0x0000009726e00000] [id=15804]
  0x000002292bef3d70 GCTaskThread "GC Thread#2" [stack: 0x0000009726e00000,0x0000009726f00000] [id=10164]
  0x000002292bef4030 GCTaskThread "GC Thread#3" [stack: 0x0000009726f00000,0x0000009727000000] [id=17776]
  0x000002292bef42f0 GCTaskThread "GC Thread#4" [stack: 0x0000009727000000,0x0000009727100000] [id=22408]
  0x000002292bef45b0 GCTaskThread "GC Thread#5" [stack: 0x0000009727100000,0x0000009727200000] [id=25868]
  0x000002292c26c420 GCTaskThread "GC Thread#6" [stack: 0x0000009727300000,0x0000009727400000] [id=26744]
  0x000002292c26c8f0 GCTaskThread "GC Thread#7" [stack: 0x0000009727400000,0x0000009727500000] [id=27136]
  0x00000228c13f6080 ConcurrentGCThread "G1 Main Marker" [stack: 0x0000009725800000,0x0000009725900000] [id=11080]
  0x00000228c13f8960 ConcurrentGCThread "G1 Conc#0" [stack: 0x0000009725900000,0x0000009725a00000] [id=29224]
  0x00000228e5e7c6f0 ConcurrentGCThread "G1 Refine#0" [stack: 0x0000009725a00000,0x0000009725b00000] [id=17388]
  0x000002292bec9740 ConcurrentGCThread "G1 Refine#1" [stack: 0x0000009727200000,0x0000009727300000] [id=21432]
  0x00000228e5e7cfc0 ConcurrentGCThread "G1 Service" [stack: 0x0000009725b00000,0x0000009725c00000] [id=6904]

Threads with active compile tasks:
C2 CompilerThread1  2438 2021       4       org.springframework.boot.context.properties.source.ConfigurationPropertyName$ElementsParser::parse (234 bytes)
C2 CompilerThread2  2438 1959       4       java.lang.invoke.MethodType::makeImpl (109 bytes)

VM state: not at safepoint (normal execution)

VM Mutex/Monitor currently owned by a thread: None

Heap address: 0x0000000704e00000, size: 4018 MB, Compressed Oops mode: Zero based, Oop shift amount: 3

CDS archive(s) mapped at: [0x00000228e6000000-0x00000228e6bb0000-0x00000228e6bb0000), size 12255232, SharedBaseAddress: 0x00000228e6000000, ArchiveRelocationMode: 1.
Compressed class space mapped at: 0x00000228e7000000-0x0000022927000000, reserved size: 1073741824
Narrow klass base: 0x00000228e6000000, Narrow klass shift: 0, Narrow klass range: 0x100000000

GC Precious Log:
 CPUs: 8 total, 8 available
 Memory: 16064M
 Large Page Support: Disabled
 NUMA Support: Disabled
 Compressed Oops: Enabled (Zero based)
 Heap Region Size: 2M
 Heap Min Capacity: 8M
 Heap Initial Capacity: 252M
 Heap Max Capacity: 4018M
 Pre-touch: Disabled
 Parallel Workers: 8
 Concurrent Workers: 2
 Concurrent Refinement Workers: 8
 Periodic GC: Disabled

Heap:
 garbage-first heap   total 258048K, used 40261K [0x0000000704e00000, 0x0000000800000000)
  region size 2048K, 16 young (32768K), 1 survivors (2048K)
 Metaspace       used 12973K, committed 13248K, reserved 1114112K
  class space    used 1717K, committed 1856K, reserved 1048576K

Heap Regions: E=young(eden), S=young(survivor), O=old, HS=humongous(starts), HC=humongous(continues), CS=collection set, F=free, OA=open archive, CA=closed archive, TAMS=top-at-mark-start (previous, next)
|   0|0x0000000704e00000, 0x0000000705000000, 0x0000000705000000|100%| O|  |TAMS 0x0000000704e00000, 0x0000000704e00000| Untracked 
|   1|0x0000000705000000, 0x0000000705200000, 0x0000000705200000|100%| O|  |TAMS 0x0000000705000000, 0x0000000705000000| Untracked 
|   2|0x0000000705200000, 0x0000000705400000, 0x0000000705400000|100%| O|  |TAMS 0x0000000705200000, 0x0000000705200000| Untracked 
|   3|0x0000000705400000, 0x0000000705600000, 0x0000000705600000|100%| O|  |TAMS 0x0000000705400000, 0x0000000705400000| Untracked 
|   4|0x0000000705600000, 0x0000000705800000, 0x0000000705800000|100%| O|  |TAMS 0x0000000705600000, 0x0000000705600000| Untracked 
|   5|0x0000000705800000, 0x0000000705800000, 0x0000000705a00000|  0%| F|  |TAMS 0x0000000705800000, 0x0000000705800000| Untracked 
|   6|0x0000000705a00000, 0x0000000705a00000, 0x0000000705c00000|  0%| F|  |TAMS 0x0000000705a00000, 0x0000000705a00000| Untracked 
|   7|0x0000000705c00000, 0x0000000705c00000, 0x0000000705e00000|  0%| F|  |TAMS 0x0000000705c00000, 0x0000000705c00000| Untracked 
|   8|0x0000000705e00000, 0x0000000705e00000, 0x0000000706000000|  0%| F|  |TAMS 0x0000000705e00000, 0x0000000705e00000| Untracked 
|   9|0x0000000706000000, 0x0000000706000000, 0x0000000706200000|  0%| F|  |TAMS 0x0000000706000000, 0x0000000706000000| Untracked 
|  10|0x0000000706200000, 0x0000000706200000, 0x0000000706400000|  0%| F|  |TAMS 0x0000000706200000, 0x0000000706200000| Untracked 
|  11|0x0000000706400000, 0x0000000706400000, 0x0000000706600000|  0%| F|  |TAMS 0x0000000706400000, 0x0000000706400000| Untracked 
|  12|0x0000000706600000, 0x0000000706600000, 0x0000000706800000|  0%| F|  |TAMS 0x0000000706600000, 0x0000000706600000| Untracked 
|  13|0x0000000706800000, 0x0000000706800000, 0x0000000706a00000|  0%| F|  |TAMS 0x0000000706800000, 0x0000000706800000| Untracked 
|  14|0x0000000706a00000, 0x0000000706a00000, 0x0000000706c00000|  0%| F|  |TAMS 0x0000000706a00000, 0x0000000706a00000| Untracked 
|  15|0x0000000706c00000, 0x0000000706c00000, 0x0000000706e00000|  0%| F|  |TAMS 0x0000000706c00000, 0x0000000706c00000| Untracked 
|  16|0x0000000706e00000, 0x0000000706e00000, 0x0000000707000000|  0%| F|  |TAMS 0x0000000706e00000, 0x0000000706e00000| Untracked 
|  17|0x0000000707000000, 0x0000000707000000, 0x0000000707200000|  0%| F|  |TAMS 0x0000000707000000, 0x0000000707000000| Untracked 
|  18|0x0000000707200000, 0x0000000707200000, 0x0000000707400000|  0%| F|  |TAMS 0x0000000707200000, 0x0000000707200000| Untracked 
|  19|0x0000000707400000, 0x0000000707400000, 0x0000000707600000|  0%| F|  |TAMS 0x0000000707400000, 0x0000000707400000| Untracked 
|  20|0x0000000707600000, 0x0000000707600000, 0x0000000707800000|  0%| F|  |TAMS 0x0000000707600000, 0x0000000707600000| Untracked 
|  21|0x0000000707800000, 0x0000000707800000, 0x0000000707a00000|  0%| F|  |TAMS 0x0000000707800000, 0x0000000707800000| Untracked 
|  22|0x0000000707a00000, 0x0000000707a00000, 0x0000000707c00000|  0%| F|  |TAMS 0x0000000707a00000, 0x0000000707a00000| Untracked 
|  23|0x0000000707c00000, 0x0000000707c00000, 0x0000000707e00000|  0%| F|  |TAMS 0x0000000707c00000, 0x0000000707c00000| Untracked 
|  24|0x0000000707e00000, 0x0000000707e00000, 0x0000000708000000|  0%| F|  |TAMS 0x0000000707e00000, 0x0000000707e00000| Untracked 
|  25|0x0000000708000000, 0x0000000708000000, 0x0000000708200000|  0%| F|  |TAMS 0x0000000708000000, 0x0000000708000000| Untracked 
|  26|0x0000000708200000, 0x0000000708200000, 0x0000000708400000|  0%| F|  |TAMS 0x0000000708200000, 0x0000000708200000| Untracked 
|  27|0x0000000708400000, 0x0000000708400000, 0x0000000708600000|  0%| F|  |TAMS 0x0000000708400000, 0x0000000708400000| Untracked 
|  28|0x0000000708600000, 0x0000000708600000, 0x0000000708800000|  0%| F|  |TAMS 0x0000000708600000, 0x0000000708600000| Untracked 
|  29|0x0000000708800000, 0x0000000708800000, 0x0000000708a00000|  0%| F|  |TAMS 0x0000000708800000, 0x0000000708800000| Untracked 
|  30|0x0000000708a00000, 0x0000000708a00000, 0x0000000708c00000|  0%| F|  |TAMS 0x0000000708a00000, 0x0000000708a00000| Untracked 
|  31|0x0000000708c00000, 0x0000000708c00000, 0x0000000708e00000|  0%| F|  |TAMS 0x0000000708c00000, 0x0000000708c00000| Untracked 
|  32|0x0000000708e00000, 0x0000000708e00000, 0x0000000709000000|  0%| F|  |TAMS 0x0000000708e00000, 0x0000000708e00000| Untracked 
|  33|0x0000000709000000, 0x0000000709000000, 0x0000000709200000|  0%| F|  |TAMS 0x0000000709000000, 0x0000000709000000| Untracked 
|  34|0x0000000709200000, 0x0000000709200000, 0x0000000709400000|  0%| F|  |TAMS 0x0000000709200000, 0x0000000709200000| Untracked 
|  35|0x0000000709400000, 0x0000000709400000, 0x0000000709600000|  0%| F|  |TAMS 0x0000000709400000, 0x0000000709400000| Untracked 
|  36|0x0000000709600000, 0x0000000709600000, 0x0000000709800000|  0%| F|  |TAMS 0x0000000709600000, 0x0000000709600000| Untracked 
|  37|0x0000000709800000, 0x0000000709800000, 0x0000000709a00000|  0%| F|  |TAMS 0x0000000709800000, 0x0000000709800000| Untracked 
|  38|0x0000000709a00000, 0x0000000709a00000, 0x0000000709c00000|  0%| F|  |TAMS 0x0000000709a00000, 0x0000000709a00000| Untracked 
|  39|0x0000000709c00000, 0x0000000709c00000, 0x0000000709e00000|  0%| F|  |TAMS 0x0000000709c00000, 0x0000000709c00000| Untracked 
|  40|0x0000000709e00000, 0x0000000709e00000, 0x000000070a000000|  0%| F|  |TAMS 0x0000000709e00000, 0x0000000709e00000| Untracked 
|  41|0x000000070a000000, 0x000000070a000000, 0x000000070a200000|  0%| F|  |TAMS 0x000000070a000000, 0x000000070a000000| Untracked 
|  42|0x000000070a200000, 0x000000070a200000, 0x000000070a400000|  0%| F|  |TAMS 0x000000070a200000, 0x000000070a200000| Untracked 
|  43|0x000000070a400000, 0x000000070a400000, 0x000000070a600000|  0%| F|  |TAMS 0x000000070a400000, 0x000000070a400000| Untracked 
|  44|0x000000070a600000, 0x000000070a600000, 0x000000070a800000|  0%| F|  |TAMS 0x000000070a600000, 0x000000070a600000| Untracked 
|  45|0x000000070a800000, 0x000000070a800000, 0x000000070aa00000|  0%| F|  |TAMS 0x000000070a800000, 0x000000070a800000| Untracked 
|  46|0x000000070aa00000, 0x000000070aa00000, 0x000000070ac00000|  0%| F|  |TAMS 0x000000070aa00000, 0x000000070aa00000| Untracked 
|  47|0x000000070ac00000, 0x000000070ac00000, 0x000000070ae00000|  0%| F|  |TAMS 0x000000070ac00000, 0x000000070ac00000| Untracked 
|  48|0x000000070ae00000, 0x000000070ae00000, 0x000000070b000000|  0%| F|  |TAMS 0x000000070ae00000, 0x000000070ae00000| Untracked 
|  49|0x000000070b000000, 0x000000070b000000, 0x000000070b200000|  0%| F|  |TAMS 0x000000070b000000, 0x000000070b000000| Untracked 
|  50|0x000000070b200000, 0x000000070b200000, 0x000000070b400000|  0%| F|  |TAMS 0x000000070b200000, 0x000000070b200000| Untracked 
|  51|0x000000070b400000, 0x000000070b400000, 0x000000070b600000|  0%| F|  |TAMS 0x000000070b400000, 0x000000070b400000| Untracked 
|  52|0x000000070b600000, 0x000000070b600000, 0x000000070b800000|  0%| F|  |TAMS 0x000000070b600000, 0x000000070b600000| Untracked 
|  53|0x000000070b800000, 0x000000070b800000, 0x000000070ba00000|  0%| F|  |TAMS 0x000000070b800000, 0x000000070b800000| Untracked 
|  54|0x000000070ba00000, 0x000000070ba00000, 0x000000070bc00000|  0%| F|  |TAMS 0x000000070ba00000, 0x000000070ba00000| Untracked 
|  55|0x000000070bc00000, 0x000000070bc00000, 0x000000070be00000|  0%| F|  |TAMS 0x000000070bc00000, 0x000000070bc00000| Untracked 
|  56|0x000000070be00000, 0x000000070be00000, 0x000000070c000000|  0%| F|  |TAMS 0x000000070be00000, 0x000000070be00000| Untracked 
|  57|0x000000070c000000, 0x000000070c000000, 0x000000070c200000|  0%| F|  |TAMS 0x000000070c000000, 0x000000070c000000| Untracked 
|  58|0x000000070c200000, 0x000000070c200000, 0x000000070c400000|  0%| F|  |TAMS 0x000000070c200000, 0x000000070c200000| Untracked 
|  59|0x000000070c400000, 0x000000070c400000, 0x000000070c600000|  0%| F|  |TAMS 0x000000070c400000, 0x000000070c400000| Untracked 
|  60|0x000000070c600000, 0x000000070c600000, 0x000000070c800000|  0%| F|  |TAMS 0x000000070c600000, 0x000000070c600000| Untracked 
|  61|0x000000070c800000, 0x000000070c800000, 0x000000070ca00000|  0%| F|  |TAMS 0x000000070c800000, 0x000000070c800000| Untracked 
|  62|0x000000070ca00000, 0x000000070ca00000, 0x000000070cc00000|  0%| F|  |TAMS 0x000000070ca00000, 0x000000070ca00000| Untracked 
|  63|0x000000070cc00000, 0x000000070cc00000, 0x000000070ce00000|  0%| F|  |TAMS 0x000000070cc00000, 0x000000070cc00000| Untracked 
|  64|0x000000070ce00000, 0x000000070ce00000, 0x000000070d000000|  0%| F|  |TAMS 0x000000070ce00000, 0x000000070ce00000| Untracked 
|  65|0x000000070d000000, 0x000000070d000000, 0x000000070d200000|  0%| F|  |TAMS 0x000000070d000000, 0x000000070d000000| Untracked 
|  66|0x000000070d200000, 0x000000070d200000, 0x000000070d400000|  0%| F|  |TAMS 0x000000070d200000, 0x000000070d200000| Untracked 
|  67|0x000000070d400000, 0x000000070d400000, 0x000000070d600000|  0%| F|  |TAMS 0x000000070d400000, 0x000000070d400000| Untracked 
|  68|0x000000070d600000, 0x000000070d600000, 0x000000070d800000|  0%| F|  |TAMS 0x000000070d600000, 0x000000070d600000| Untracked 
|  69|0x000000070d800000, 0x000000070d800000, 0x000000070da00000|  0%| F|  |TAMS 0x000000070d800000, 0x000000070d800000| Untracked 
|  70|0x000000070da00000, 0x000000070da00000, 0x000000070dc00000|  0%| F|  |TAMS 0x000000070da00000, 0x000000070da00000| Untracked 
|  71|0x000000070dc00000, 0x000000070dc00000, 0x000000070de00000|  0%| F|  |TAMS 0x000000070dc00000, 0x000000070dc00000| Untracked 
|  72|0x000000070de00000, 0x000000070de00000, 0x000000070e000000|  0%| F|  |TAMS 0x000000070de00000, 0x000000070de00000| Untracked 
|  73|0x000000070e000000, 0x000000070e000000, 0x000000070e200000|  0%| F|  |TAMS 0x000000070e000000, 0x000000070e000000| Untracked 
|  74|0x000000070e200000, 0x000000070e200000, 0x000000070e400000|  0%| F|  |TAMS 0x000000070e200000, 0x000000070e200000| Untracked 
|  75|0x000000070e400000, 0x000000070e400000, 0x000000070e600000|  0%| F|  |TAMS 0x000000070e400000, 0x000000070e400000| Untracked 
|  76|0x000000070e600000, 0x000000070e600000, 0x000000070e800000|  0%| F|  |TAMS 0x000000070e600000, 0x000000070e600000| Untracked 
|  77|0x000000070e800000, 0x000000070e800000, 0x000000070ea00000|  0%| F|  |TAMS 0x000000070e800000, 0x000000070e800000| Untracked 
|  78|0x000000070ea00000, 0x000000070ea00000, 0x000000070ec00000|  0%| F|  |TAMS 0x000000070ea00000, 0x000000070ea00000| Untracked 
|  79|0x000000070ec00000, 0x000000070ec00000, 0x000000070ee00000|  0%| F|  |TAMS 0x000000070ec00000, 0x000000070ec00000| Untracked 
|  80|0x000000070ee00000, 0x000000070ee00000, 0x000000070f000000|  0%| F|  |TAMS 0x000000070ee00000, 0x000000070ee00000| Untracked 
|  81|0x000000070f000000, 0x000000070f000000, 0x000000070f200000|  0%| F|  |TAMS 0x000000070f000000, 0x000000070f000000| Untracked 
|  82|0x000000070f200000, 0x000000070f200000, 0x000000070f400000|  0%| F|  |TAMS 0x000000070f200000, 0x000000070f200000| Untracked 
|  83|0x000000070f400000, 0x000000070f400000, 0x000000070f600000|  0%| F|  |TAMS 0x000000070f400000, 0x000000070f400000| Untracked 
|  84|0x000000070f600000, 0x000000070f600000, 0x000000070f800000|  0%| F|  |TAMS 0x000000070f600000, 0x000000070f600000| Untracked 
|  85|0x000000070f800000, 0x000000070f800000, 0x000000070fa00000|  0%| F|  |TAMS 0x000000070f800000, 0x000000070f800000| Untracked 
|  86|0x000000070fa00000, 0x000000070fa00000, 0x000000070fc00000|  0%| F|  |TAMS 0x000000070fa00000, 0x000000070fa00000| Untracked 
|  87|0x000000070fc00000, 0x000000070fc00000, 0x000000070fe00000|  0%| F|  |TAMS 0x000000070fc00000, 0x000000070fc00000| Untracked 
|  88|0x000000070fe00000, 0x000000070fe00000, 0x0000000710000000|  0%| F|  |TAMS 0x000000070fe00000, 0x000000070fe00000| Untracked 
|  89|0x0000000710000000, 0x0000000710000000, 0x0000000710200000|  0%| F|  |TAMS 0x0000000710000000, 0x0000000710000000| Untracked 
|  90|0x0000000710200000, 0x0000000710200000, 0x0000000710400000|  0%| F|  |TAMS 0x0000000710200000, 0x0000000710200000| Untracked 
|  91|0x0000000710400000, 0x0000000710400000, 0x0000000710600000|  0%| F|  |TAMS 0x0000000710400000, 0x0000000710400000| Untracked 
|  92|0x0000000710600000, 0x0000000710600000, 0x0000000710800000|  0%| F|  |TAMS 0x0000000710600000, 0x0000000710600000| Untracked 
|  93|0x0000000710800000, 0x0000000710800000, 0x0000000710a00000|  0%| F|  |TAMS 0x0000000710800000, 0x0000000710800000| Untracked 
|  94|0x0000000710a00000, 0x0000000710a00000, 0x0000000710c00000|  0%| F|  |TAMS 0x0000000710a00000, 0x0000000710a00000| Untracked 
|  95|0x0000000710c00000, 0x0000000710c00000, 0x0000000710e00000|  0%| F|  |TAMS 0x0000000710c00000, 0x0000000710c00000| Untracked 
|  96|0x0000000710e00000, 0x0000000710e00000, 0x0000000711000000|  0%| F|  |TAMS 0x0000000710e00000, 0x0000000710e00000| Untracked 
|  97|0x0000000711000000, 0x0000000711000000, 0x0000000711200000|  0%| F|  |TAMS 0x0000000711000000, 0x0000000711000000| Untracked 
|  98|0x0000000711200000, 0x0000000711200000, 0x0000000711400000|  0%| F|  |TAMS 0x0000000711200000, 0x0000000711200000| Untracked 
|  99|0x0000000711400000, 0x0000000711400000, 0x0000000711600000|  0%| F|  |TAMS 0x0000000711400000, 0x0000000711400000| Untracked 
| 100|0x0000000711600000, 0x0000000711600000, 0x0000000711800000|  0%| F|  |TAMS 0x0000000711600000, 0x0000000711600000| Untracked 
| 101|0x0000000711800000, 0x0000000711800000, 0x0000000711a00000|  0%| F|  |TAMS 0x0000000711800000, 0x0000000711800000| Untracked 
| 102|0x0000000711a00000, 0x0000000711a00000, 0x0000000711c00000|  0%| F|  |TAMS 0x0000000711a00000, 0x0000000711a00000| Untracked 
| 103|0x0000000711c00000, 0x0000000711c00000, 0x0000000711e00000|  0%| F|  |TAMS 0x0000000711c00000, 0x0000000711c00000| Untracked 
| 104|0x0000000711e00000, 0x0000000711e00000, 0x0000000712000000|  0%| F|  |TAMS 0x0000000711e00000, 0x0000000711e00000| Untracked 
| 105|0x0000000712000000, 0x0000000712000000, 0x0000000712200000|  0%| F|  |TAMS 0x0000000712000000, 0x0000000712000000| Untracked 
| 106|0x0000000712200000, 0x0000000712200000, 0x0000000712400000|  0%| F|  |TAMS 0x0000000712200000, 0x0000000712200000| Untracked 
| 107|0x0000000712400000, 0x0000000712400000, 0x0000000712600000|  0%| F|  |TAMS 0x0000000712400000, 0x0000000712400000| Untracked 
| 108|0x0000000712600000, 0x0000000712600000, 0x0000000712800000|  0%| F|  |TAMS 0x0000000712600000, 0x0000000712600000| Untracked 
| 109|0x0000000712800000, 0x0000000712800000, 0x0000000712a00000|  0%| F|  |TAMS 0x0000000712800000, 0x0000000712800000| Untracked 
| 110|0x0000000712a00000, 0x0000000712beef98, 0x0000000712c00000| 96%| E|  |TAMS 0x0000000712a00000, 0x0000000712a00000| Complete 
| 111|0x0000000712c00000, 0x0000000712e00000, 0x0000000712e00000|100%| E|CS|TAMS 0x0000000712c00000, 0x0000000712c00000| Complete 
| 112|0x0000000712e00000, 0x0000000713000000, 0x0000000713000000|100%| E|CS|TAMS 0x0000000712e00000, 0x0000000712e00000| Complete 
| 113|0x0000000713000000, 0x0000000713200000, 0x0000000713200000|100%| E|CS|TAMS 0x0000000713000000, 0x0000000713000000| Complete 
| 114|0x0000000713200000, 0x0000000713400000, 0x0000000713400000|100%| E|CS|TAMS 0x0000000713200000, 0x0000000713200000| Complete 
| 115|0x0000000713400000, 0x0000000713600000, 0x0000000713600000|100%| E|CS|TAMS 0x0000000713400000, 0x0000000713400000| Complete 
| 116|0x0000000713600000, 0x0000000713800000, 0x0000000713800000|100%| E|CS|TAMS 0x0000000713600000, 0x0000000713600000| Complete 
| 117|0x0000000713800000, 0x0000000713a00000, 0x0000000713a00000|100%| E|CS|TAMS 0x0000000713800000, 0x0000000713800000| Complete 
| 118|0x0000000713a00000, 0x0000000713b51750, 0x0000000713c00000| 65%| S|CS|TAMS 0x0000000713a00000, 0x0000000713a00000| Complete 
| 119|0x0000000713c00000, 0x0000000713e00000, 0x0000000713e00000|100%| E|CS|TAMS 0x0000000713c00000, 0x0000000713c00000| Complete 
| 120|0x0000000713e00000, 0x0000000714000000, 0x0000000714000000|100%| E|CS|TAMS 0x0000000713e00000, 0x0000000713e00000| Complete 
| 121|0x0000000714000000, 0x0000000714200000, 0x0000000714200000|100%| E|CS|TAMS 0x0000000714000000, 0x0000000714000000| Complete 
| 122|0x0000000714200000, 0x0000000714400000, 0x0000000714400000|100%| E|CS|TAMS 0x0000000714200000, 0x0000000714200000| Complete 
| 123|0x0000000714400000, 0x0000000714600000, 0x0000000714600000|100%| E|CS|TAMS 0x0000000714400000, 0x0000000714400000| Complete 
| 124|0x0000000714600000, 0x0000000714800000, 0x0000000714800000|100%| E|CS|TAMS 0x0000000714600000, 0x0000000714600000| Complete 
| 125|0x0000000714800000, 0x0000000714a00000, 0x0000000714a00000|100%| E|CS|TAMS 0x0000000714800000, 0x0000000714800000| Complete 

Card table byte_map: [0x00000228da760000,0x00000228daf40000] _byte_map_base: 0x00000228d6f39000

Marking Bits (Prev, Next): (CMBitMap*) 0x00000228c13e4f70, (CMBitMap*) 0x00000228c13e4fb0
 Prev Bits: [0x00000228db720000, 0x00000228df5e8000)
 Next Bits: [0x00000228df5f0000, 0x00000228e34b8000)

Polling page: 0x00000228c10e0000

Metaspace:

Usage:
  Non-class:     10.99 MB used.
      Class:      1.68 MB used.
       Both:     12.67 MB used.

Virtual space:
  Non-class space:       64.00 MB reserved,      11.12 MB ( 17%) committed,  1 nodes.
      Class space:        1.00 GB reserved,       1.81 MB ( <1%) committed,  1 nodes.
             Both:        1.06 GB reserved,      12.94 MB (  1%) committed. 

Chunk freelists:
   Non-Class:  4.44 MB
       Class:  14.04 MB
        Both:  18.48 MB

MaxMetaspaceSize: unlimited
CompressedClassSpaceSize: 1.00 GB
Initial GC threshold: 21.00 MB
Current GC threshold: 21.00 MB
CDS: on
MetaspaceReclaimPolicy: balanced
 - commit_granule_bytes: 65536.
 - commit_granule_words: 8192.
 - virtual_space_node_default_size: 8388608.
 - enlarge_chunks_in_place: 1.
 - new_chunks_are_fully_committed: 0.
 - uncommit_free_chunks: 1.
 - use_allocation_guard: 0.
 - handle_deallocations: 1.


Internal statistics:

num_allocs_failed_limit: 0.
num_arena_births: 240.
num_arena_deaths: 0.
num_vsnodes_births: 2.
num_vsnodes_deaths: 0.
num_space_committed: 207.
num_space_uncommitted: 0.
num_chunks_returned_to_freelist: 0.
num_chunks_taken_from_freelist: 711.
num_chunk_merges: 0.
num_chunk_splits: 426.
num_chunks_enlarged: 297.
num_inconsistent_stats: 0.

CodeHeap 'non-profiled nmethods': size=120000Kb used=902Kb max_used=902Kb free=119097Kb
 bounds [0x00000228d1ff0000, 0x00000228d2260000, 0x00000228d9520000]
CodeHeap 'profiled nmethods': size=120000Kb used=4157Kb max_used=4157Kb free=115842Kb
 bounds [0x00000228ca520000, 0x00000228ca930000, 0x00000228d1a50000]
CodeHeap 'non-nmethods': size=5760Kb used=1198Kb max_used=1224Kb free=4561Kb
 bounds [0x00000228d1a50000, 0x00000228d1cc0000, 0x00000228d1ff0000]
 total_blobs=2602 nmethods=2117 adapters=397
 compilation: enabled
              stopped_count=0, restarted_count=0
 full_count=0

Compilation events (20 events):
Event: 2.372 Thread 0x000002292b169490 nmethod 2112 0x00000228ca92c990 code [0x00000228ca92cb40, 0x00000228ca92ccb8]
Event: 2.372 Thread 0x000002292b169490 2113       3       java.time.Instant::create (49 bytes)
Event: 2.372 Thread 0x000002292b169490 nmethod 2113 0x00000228ca92cd90 code [0x00000228ca92cf60, 0x00000228ca92d328]
Event: 2.374 Thread 0x000002292b169490 2114       3       org.springframework.boot.context.properties.source.ConfigurationPropertyName$$Lambda$532/0x00000228e718e000::test (6 bytes)
Event: 2.375 Thread 0x000002292b169490 nmethod 2114 0x00000228ca92d490 code [0x00000228ca92d660, 0x00000228ca92da78]
Event: 2.375 Thread 0x000002292b169490 2115       3       org.springframework.boot.context.properties.source.ConfigurationPropertyName::lambda$convertToUniformElement$1 (5 bytes)
Event: 2.376 Thread 0x000002292b169490 nmethod 2115 0x00000228ca92db90 code [0x00000228ca92dd60, 0x00000228ca92e0f8]
Event: 2.376 Thread 0x000002292b169490 2117       3       org.springframework.boot.context.properties.source.SpringIterableConfigurationPropertySource$$Lambda$448/0x00000228e714f6f0::apply (12 bytes)
Event: 2.377 Thread 0x000002292b169490 nmethod 2117 0x00000228ca92e210 code [0x00000228ca92e460, 0x00000228ca92ef28]
Event: 2.383 Thread 0x000002292b169490 2119       3       java.util.concurrent.ConcurrentHashMap$Traverser::<init> (36 bytes)
Event: 2.383 Thread 0x000002292b169490 nmethod 2119 0x00000228ca92f290 code [0x00000228ca92f440, 0x00000228ca92f658]
Event: 2.384 Thread 0x000002292b1549b0 nmethod 2092 0x00000228d20ce410 code [0x00000228d20ce660, 0x00000228d20cfba8]
Event: 2.385 Thread 0x000002292b1549b0 2118       4       java.lang.Object::<init> (1 bytes)
Event: 2.386 Thread 0x000002292b1549b0 nmethod 2118 0x00000228d20d0690 code [0x00000228d20d0820, 0x00000228d20d08d8]
Event: 2.387 Thread 0x000002292b1549b0 2108       4       java.util.LinkedHashMap::get (29 bytes)
Event: 2.394 Thread 0x000002292b1549b0 nmethod 2108 0x00000228d20d0990 code [0x00000228d20d0b40, 0x00000228d20d10a8]
Event: 2.394 Thread 0x000002292b1549b0 2116       4       java.lang.CharacterDataLatin1::toUpperCaseEx (71 bytes)
Event: 2.395 Thread 0x000002292b1549b0 nmethod 2116 0x00000228d20d1410 code [0x00000228d20d15a0, 0x00000228d20d1698]
Event: 2.395 Thread 0x000002292b1549b0 2102       4       java.util.ImmutableCollections$ListN::get (7 bytes)
Event: 2.396 Thread 0x000002292b1549b0 nmethod 2102 0x00000228d20d1790 code [0x00000228d20d1920, 0x00000228d20d19d8]

GC Heap History (4 events):
Event: 0.954 GC heap before
{Heap before GC invocations=0 (full 0):
 garbage-first heap   total 258048K, used 20480K [0x0000000704e00000, 0x0000000800000000)
  region size 2048K, 11 young (22528K), 0 survivors (0K)
 Metaspace       used 2896K, committed 3072K, reserved 1114112K
  class space    used 314K, committed 384K, reserved 1048576K
}
Event: 0.961 GC heap after
{Heap after GC invocations=1 (full 0):
 garbage-first heap   total 258048K, used 10143K [0x0000000704e00000, 0x0000000800000000)
  region size 2048K, 2 young (4096K), 2 survivors (4096K)
 Metaspace       used 2896K, committed 3072K, reserved 1114112K
  class space    used 314K, committed 384K, reserved 1048576K
}
Event: 1.515 GC heap before
{Heap before GC invocations=1 (full 0):
 garbage-first heap   total 258048K, used 24479K [0x0000000704e00000, 0x0000000800000000)
  region size 2048K, 9 young (18432K), 2 survivors (4096K)
 Metaspace       used 6910K, committed 7104K, reserved 1114112K
  class space    used 869K, committed 960K, reserved 1048576K
}
Event: 1.520 GC heap after
{Heap after GC invocations=2 (full 0):
 garbage-first heap   total 258048K, used 11589K [0x0000000704e00000, 0x0000000800000000)
  region size 2048K, 1 young (2048K), 1 survivors (2048K)
 Metaspace       used 6910K, committed 7104K, reserved 1114112K
  class space    used 869K, committed 960K, reserved 1048576K
}

Dll operation events (8 events):
Event: 0.014 Loaded shared library C:\Program Files\Eclipse Adoptium\jdk-17.0.17.10-hotspot\bin\java.dll
Event: 0.044 Loaded shared library C:\Program Files\Eclipse Adoptium\jdk-17.0.17.10-hotspot\bin\jsvml.dll
Event: 0.088 Loaded shared library C:\Program Files\Eclipse Adoptium\jdk-17.0.17.10-hotspot\bin\net.dll
Event: 0.091 Loaded shared library C:\Program Files\Eclipse Adoptium\jdk-17.0.17.10-hotspot\bin\nio.dll
Event: 0.095 Loaded shared library C:\Program Files\Eclipse Adoptium\jdk-17.0.17.10-hotspot\bin\zip.dll
Event: 0.185 Loaded shared library C:\Program Files\Eclipse Adoptium\jdk-17.0.17.10-hotspot\bin\management.dll
Event: 0.193 Loaded shared library C:\Program Files\Eclipse Adoptium\jdk-17.0.17.10-hotspot\bin\management_ext.dll
Event: 0.231 Loaded shared library C:\Program Files\Eclipse Adoptium\jdk-17.0.17.10-hotspot\bin\jimage.dll

Deoptimization events (20 events):
Event: 2.052 Thread 0x00000228c1378ad0 DEOPT PACKING pc=0x00000228d204d120 sp=0x00000097256fc920
Event: 2.052 Thread 0x00000228c1378ad0 DEOPT UNPACKING pc=0x00000228d1aaa1a3 sp=0x00000097256fc8f8 mode 2
Event: 2.164 Thread 0x00000228c1378ad0 DEOPT PACKING pc=0x00000228ca55744d sp=0x00000097256fb3b0
Event: 2.164 Thread 0x00000228c1378ad0 DEOPT UNPACKING pc=0x00000228d1aaace3 sp=0x00000097256fa8a8 mode 0
Event: 2.195 Thread 0x00000228c1378ad0 Uncommon trap: trap_request=0xffffff45 fr.pc=0x00000228d2050fa4 relative=0x0000000000000464
Event: 2.195 Thread 0x00000228c1378ad0 Uncommon trap: reason=unstable_if action=reinterpret pc=0x00000228d2050fa4 method=java.util.HashMap.hash(Ljava/lang/Object;)I @ 1 c2
Event: 2.195 Thread 0x00000228c1378ad0 DEOPT PACKING pc=0x00000228d2050fa4 sp=0x00000097256fb9e0
Event: 2.195 Thread 0x00000228c1378ad0 DEOPT UNPACKING pc=0x00000228d1aaa1a3 sp=0x00000097256fb8e8 mode 2
Event: 2.253 Thread 0x00000228c1378ad0 Uncommon trap: trap_request=0xffffff45 fr.pc=0x00000228d208b6f4 relative=0x00000000000002d4
Event: 2.253 Thread 0x00000228c1378ad0 Uncommon trap: reason=unstable_if action=reinterpret pc=0x00000228d208b6f4 method=java.lang.String.indexOf([BBILjava/lang/String;I)I @ 21 c2
Event: 2.253 Thread 0x00000228c1378ad0 DEOPT PACKING pc=0x00000228d208b6f4 sp=0x00000097256fb710
Event: 2.253 Thread 0x00000228c1378ad0 DEOPT UNPACKING pc=0x00000228d1aaa1a3 sp=0x00000097256fb620 mode 2
Event: 2.356 Thread 0x00000228c1378ad0 Uncommon trap: trap_request=0xffffffde fr.pc=0x00000228d20c2634 relative=0x0000000000000094
Event: 2.356 Thread 0x00000228c1378ad0 Uncommon trap: reason=class_check action=maybe_recompile pc=0x00000228d20c2634 method=java.lang.invoke.MemberName.getMethodType()Ljava/lang/invoke/MethodType; @ 39 c2
Event: 2.356 Thread 0x00000228c1378ad0 DEOPT PACKING pc=0x00000228d20c2634 sp=0x00000097256f9d00
Event: 2.356 Thread 0x00000228c1378ad0 DEOPT UNPACKING pc=0x00000228d1aaa1a3 sp=0x00000097256f9c60 mode 2
Event: 2.357 Thread 0x00000228c1378ad0 Uncommon trap: trap_request=0xffffff45 fr.pc=0x00000228d20aa8cc relative=0x000000000000724c
Event: 2.357 Thread 0x00000228c1378ad0 Uncommon trap: reason=unstable_if action=reinterpret pc=0x00000228d20aa8cc method=jdk.internal.org.objectweb.asm.Frame.execute(IILjdk/internal/org/objectweb/asm/Symbol;Ljdk/internal/org/objectweb/asm/SymbolTable;)V @ 1 c2
Event: 2.357 Thread 0x00000228c1378ad0 DEOPT PACKING pc=0x00000228d20aa8cc sp=0x00000097256f9920
Event: 2.357 Thread 0x00000228c1378ad0 DEOPT UNPACKING pc=0x00000228d1aaa1a3 sp=0x00000097256f98d8 mode 2

Classes loaded (20 events):
Event: 2.363 Loading class java/beans/FeatureDescriptor done
Event: 2.363 Loading class java/beans/EventSetDescriptor done
Event: 2.363 Loading class java/beans/Introspector$1
Event: 2.363 Loading class jdk/internal/access/JavaBeansAccess
Event: 2.363 Loading class jdk/internal/access/JavaBeansAccess done
Event: 2.363 Loading class java/beans/Introspector$1 done
Event: 2.369 Loading class sun/reflect/generics/scope/MethodScope
Event: 2.369 Loading class sun/reflect/generics/scope/MethodScope done
Event: 2.369 Loading class sun/reflect/generics/repository/MethodRepository
Event: 2.369 Loading class sun/reflect/generics/repository/MethodRepository done
Event: 2.370 Loading class java/util/AbstractList$ListItr
Event: 2.370 Loading class java/util/AbstractList$Itr
Event: 2.370 Loading class java/util/AbstractList$Itr done
Event: 2.370 Loading class java/util/AbstractList$ListItr done
Event: 2.378 Loading class java/util/concurrent/Executors$FinalizableDelegatedExecutorService
Event: 2.378 Loading class java/util/concurrent/Executors$DelegatedExecutorService
Event: 2.378 Loading class java/util/concurrent/Executors$DelegatedExecutorService done
Event: 2.378 Loading class java/util/concurrent/Executors$FinalizableDelegatedExecutorService done
Event: 2.406 Loading class java/net/NetworkInterface$1
Event: 2.406 Loading class java/net/NetworkInterface$1 done

Classes unloaded (0 events):
No events

Classes redefined (0 events):
No events

Internal exceptions (20 events):
Event: 1.935 Thread 0x00000228c1378ad0 Exception <a 'java/lang/reflect/InvocationTargetException'{0x00000007138dea50}> (0x00000007138dea50) 
thrown [s\src\hotspot\share\runtime\reflection.cpp, line 1128]
Event: 1.949 Thread 0x00000228c1378ad0 Exception <a 'java/lang/NoSuchMethodError'{0x000000071395f198}: 'java.lang.Object java.lang.invoke.DirectMethodHandle$Holder.invokeInterface(java.lang.Object, java.lang.Object, java.lang.Object, java.lang.Object)'> (0x000000071395f198) 
thrown [s\src\hotspot\share\interpreter\linkResolver.cpp, line 759]
Event: 1.953 Thread 0x00000228c1378ad0 Exception <a 'java/lang/NoSuchMethodError'{0x000000071397cd90}: 'java.lang.Object java.lang.invoke.DirectMethodHandle$Holder.newInvokeSpecial(java.lang.Object, java.lang.Object, java.lang.Object, java.lang.Object, int)'> (0x000000071397cd90) 
thrown [s\src\hotspot\share\interpreter\linkResolver.cpp, line 759]
Event: 1.953 Thread 0x00000228c1378ad0 Exception <a 'java/lang/NoSuchMethodError'{0x0000000713981560}: 'java.lang.Object java.lang.invoke.DirectMethodHandle$Holder.invokeSpecial(java.lang.Object, java.lang.Object, java.lang.Object, java.lang.Object, java.lang.Object, int)'> (0x0000000713981560) 
thrown [s\src\hotspot\share\interpreter\linkResolver.cpp, line 759]
Event: 1.954 Thread 0x00000228c1378ad0 Exception <a 'java/lang/NoSuchMethodError'{0x00000007139854f0}: 'java.lang.Object java.lang.invoke.Invokers$Holder.linkToTargetMethod(java.lang.Object, java.lang.Object, java.lang.Object, int, java.lang.Object)'> (0x00000007139854f0) 
thrown [s\src\hotspot\share\interpreter\linkResolver.cpp, line 759]
Event: 1.962 Thread 0x00000228c1378ad0 Exception <a 'java/lang/NoSuchMethodError'{0x00000007139b7458}: 'java.lang.Object java.lang.invoke.DirectMethodHandle$Holder.invokeInterface(java.lang.Object, java.lang.Object, java.lang.Object, java.lang.Object, java.lang.Object)'> (0x00000007139b7458) 
thrown [s\src\hotspot\share\interpreter\linkResolver.cpp, line 759]
Event: 1.963 Thread 0x00000228c1378ad0 Exception <a 'java/lang/IncompatibleClassChangeError'{0x00000007139bb250}: Found class java.lang.Object, but interface was expected> (0x00000007139bb250) 
thrown [s\src\hotspot\share\interpreter\linkResolver.cpp, line 826]
Event: 2.116 Thread 0x00000228c1378ad0 Exception <a 'java/lang/IncompatibleClassChangeError'{0x00000007132ded98}: Found class java.lang.Object, but interface was expected> (0x00000007132ded98) 
thrown [s\src\hotspot\share\interpreter\linkResolver.cpp, line 826]
Event: 2.128 Thread 0x00000228c1378ad0 Exception <a 'sun/nio/fs/WindowsException'{0x0000000713356ce8}> (0x0000000713356ce8) 
thrown [s\src\hotspot\share\prims\jni.cpp, line 516]
Event: 2.148 Thread 0x00000228c1378ad0 Exception <a 'java/lang/NoSuchMethodError'{0x00000007133fbfe8}: 'int java.lang.invoke.DirectMethodHandle$Holder.invokeSpecial(java.lang.Object, java.lang.Object, java.lang.Object, java.lang.Object)'> (0x00000007133fbfe8) 
thrown [s\src\hotspot\share\interpreter\linkResolver.cpp, line 759]
Event: 2.195 Thread 0x00000228c1378ad0 Implicit null exception at 0x00000228d2050b90 to 0x00000228d2050f84
Event: 2.211 Thread 0x00000228c1378ad0 Exception <a 'java/lang/NoSuchMethodError'{0x0000000712e0cb38}: 'java.lang.Object java.lang.invoke.DirectMethodHandle$Holder.invokeSpecial(java.lang.Object, java.lang.Object, java.lang.Object, java.lang.Object, java.lang.Object, java.lang.Object, int)'> (0x0000000712e0cb38) 
thrown [s\src\hotspot\share\interpreter\linkResolver.cpp, line 759]
Event: 2.211 Thread 0x00000228c1378ad0 Exception <a 'java/lang/NoSuchMethodError'{0x0000000712e175f0}: 'java.lang.Object java.lang.invoke.DirectMethodHandle$Holder.newInvokeSpecial(java.lang.Object, java.lang.Object, java.lang.Object, java.lang.Object, java.lang.Object, java.lang.Object, int)'> (0x0000000712e175f0) 
thrown [s\src\hotspot\share\interpreter\linkResolver.cpp, line 759]
Event: 2.212 Thread 0x00000228c1378ad0 Exception <a 'java/lang/NoSuchMethodError'{0x0000000712e1cb80}: 'java.lang.Object java.lang.invoke.DirectMethodHandle$Holder.invokeSpecial(java.lang.Object, java.lang.Object, java.lang.Object, java.lang.Object, java.lang.Object, java.lang.Object, java.lang.Object, int)'> (0x0000000712e1cb80) 
thrown [s\src\hotspot\share\interpreter\linkResolver.cpp, line 759]
Event: 2.262 Thread 0x00000228c1378ad0 Exception <a 'java/lang/NoSuchMethodError'{0x0000000712f85460}: 'void java.lang.invoke.DirectMethodHandle$Holder.invokeStatic(java.lang.Object, java.lang.Object, java.lang.Object, java.lang.Object, java.lang.Object, java.lang.Object)'> (0x0000000712f85460) 
thrown [s\src\hotspot\share\interpreter\linkResolver.cpp, line 759]
Event: 2.298 Thread 0x00000228c1378ad0 Exception <a 'java/lang/NoSuchMethodError'{0x0000000712c84ed8}: 'java.lang.Object java.lang.invoke.DirectMethodHandle$Holder.invokeSpecial(java.lang.Object, java.lang.Object, java.lang.Object, int, java.lang.Object)'> (0x0000000712c84ed8) 
thrown [s\src\hotspot\share\interpreter\linkResolver.cpp, line 759]
Event: 2.299 Thread 0x00000228c1378ad0 Exception <a 'java/lang/NoSuchMethodError'{0x0000000712c8d558}: 'java.lang.Object java.lang.invoke.DirectMethodHandle$Holder.newInvokeSpecial(java.lang.Object, java.lang.Object, java.lang.Object, int, java.lang.Object)'> (0x0000000712c8d558) 
thrown [s\src\hotspot\share\interpreter\linkResolver.cpp, line 759]
Event: 2.299 Thread 0x00000228c1378ad0 Exception <a 'java/lang/NoSuchMethodError'{0x0000000712c950a8}: 'java.lang.Object java.lang.invoke.Invokers$Holder.linkToTargetMethod(java.lang.Object, java.lang.Object, int, java.lang.Object, java.lang.Object)'> (0x0000000712c950a8) 
thrown [s\src\hotspot\share\interpreter\linkResolver.cpp, line 759]
Event: 2.302 Thread 0x00000228c1378ad0 Exception <a 'java/lang/NoSuchMethodError'{0x0000000712cab758}: 'java.lang.Object java.lang.invoke.DirectMethodHandle$Holder.newInvokeSpecial(java.lang.Object, int, java.lang.Object)'> (0x0000000712cab758) 
thrown [s\src\hotspot\share\interpreter\linkResolver.cpp, line 759]
Event: 2.357 Thread 0x00000228c1378ad0 Exception <a 'java/lang/NoSuchMethodError'{0x0000000712a522c8}: 'void java.lang.invoke.DelegatingMethodHandle$Holder.delegate(java.lang.Object, java.lang.Object, int, java.lang.Object)'> (0x0000000712a522c8) 
thrown [s\src\hotspot\share\interpreter\linkResolver.cpp, line 759]

VM Operations (20 events):
Event: 1.548 Executing VM operation: HandshakeAllThreads
Event: 1.548 Executing VM operation: HandshakeAllThreads done
Event: 1.549 Executing VM operation: HandshakeAllThreads
Event: 1.549 Executing VM operation: HandshakeAllThreads done
Event: 1.629 Executing VM operation: HandshakeAllThreads
Event: 1.629 Executing VM operation: HandshakeAllThreads done
Event: 1.754 Executing VM operation: HandshakeAllThreads
Event: 1.754 Executing VM operation: HandshakeAllThreads done
Event: 1.972 Executing VM operation: HandshakeAllThreads
Event: 1.972 Executing VM operation: HandshakeAllThreads done
Event: 2.129 Executing VM operation: HandshakeAllThreads
Event: 2.129 Executing VM operation: HandshakeAllThreads done
Event: 2.201 Executing VM operation: ICBufferFull
Event: 2.201 Executing VM operation: ICBufferFull done
Event: 2.272 Executing VM operation: HandshakeAllThreads
Event: 2.272 Executing VM operation: HandshakeAllThreads done
Event: 2.378 Executing VM operation: HandshakeAllThreads
Event: 2.378 Executing VM operation: HandshakeAllThreads done
Event: 2.381 Executing VM operation: HandshakeAllThreads
Event: 2.381 Executing VM operation: HandshakeAllThreads done

Memory protections (0 events):
No events

Nmethod flushes (0 events):
No events

Events (18 events):
Event: 0.045 Thread 0x00000228c1378ad0 Thread added: 0x00000228c1378ad0
Event: 0.047 Thread 0x00000228c1378ad0 Thread added: 0x00000228e5fc5cd0
Event: 0.047 Thread 0x00000228c1378ad0 Thread added: 0x00000228e5fc6890
Event: 0.058 Thread 0x00000228c1378ad0 Thread added: 0x000002292b151f80
Event: 0.058 Thread 0x00000228c1378ad0 Thread added: 0x000002292b152940
Event: 0.058 Thread 0x00000228c1378ad0 Thread added: 0x000002292b153300
Event: 0.058 Thread 0x00000228c1378ad0 Thread added: 0x000002292b153cc0
Event: 0.058 Thread 0x00000228c1378ad0 Thread added: 0x000002292b1549b0
Event: 0.058 Thread 0x00000228c1378ad0 Thread added: 0x000002292b169490
Event: 0.059 Thread 0x00000228c1378ad0 Thread added: 0x000002292b17cc00
Event: 0.082 Thread 0x00000228c1378ad0 Thread added: 0x000002292b2b1e10
Event: 0.083 Thread 0x00000228c1378ad0 Thread added: 0x000002292b2b7dc0
Event: 0.281 Thread 0x000002292b169490 Thread added: 0x000002292b3daf30
Event: 0.657 Thread 0x00000228c1378ad0 Thread added: 0x000002292ba943a0
Event: 0.672 Thread 0x00000228c1378ad0 Thread added: 0x000002292b741810
Event: 0.915 Thread 0x000002292b169490 Thread added: 0x000002292c07f400
Event: 2.086 Thread 0x000002292c07f400 Thread exited: 0x000002292c07f400
Event: 2.195 Thread 0x000002292b169490 Thread added: 0x000002292c739ef0


Dynamic libraries:
0x00007ff6535f0000 - 0x00007ff6535fe000 	C:\Program Files\Eclipse Adoptium\jdk-17.0.17.10-hotspot\bin\java.exe
0x00007ff8c9bc0000 - 0x00007ff8c9e27000 	C:\WINDOWS\SYSTEM32\ntdll.dll
0x00007ff8c8430000 - 0x00007ff8c84f9000 	C:\WINDOWS\System32\KERNEL32.DLL
0x00007ff8c7280000 - 0x00007ff8c7671000 	C:\WINDOWS\System32\KERNELBASE.dll
0x00007ff8c65d0000 - 0x00007ff8c671b000 	C:\WINDOWS\System32\ucrtbase.dll
0x00007ff89e7c0000 - 0x00007ff89e7de000 	C:\Program Files\Eclipse Adoptium\jdk-17.0.17.10-hotspot\bin\VCRUNTIME140.dll
0x00007ff89fa50000 - 0x00007ff89fa68000 	C:\Program Files\Eclipse Adoptium\jdk-17.0.17.10-hotspot\bin\jli.dll
0x00007ff8c9950000 - 0x00007ff8c9b15000 	C:\WINDOWS\System32\USER32.dll
0x00007ff89ece0000 - 0x00007ff89ef73000 	C:\WINDOWS\WinSxS\amd64_microsoft.windows.common-controls_6595b64144ccf1df_6.0.26100.7922_none_3e089e1ee3342171\COMCTL32.dll
0x00007ff8c7110000 - 0x00007ff8c7137000 	C:\WINDOWS\System32\win32u.dll
0x00007ff8c8500000 - 0x00007ff8c85a9000 	C:\WINDOWS\System32\msvcrt.dll
0x00007ff8c8400000 - 0x00007ff8c842b000 	C:\WINDOWS\System32\GDI32.dll
0x00007ff8c64a0000 - 0x00007ff8c65ca000 	C:\WINDOWS\System32\gdi32full.dll
0x00007ff8c7140000 - 0x00007ff8c71e3000 	C:\WINDOWS\System32\msvcp_win.dll
0x00007ff8c8ec0000 - 0x00007ff8c8ef1000 	C:\WINDOWS\System32\IMM32.DLL
0x00007ff8b0fb0000 - 0x00007ff8b0fbc000 	C:\Program Files\Eclipse Adoptium\jdk-17.0.17.10-hotspot\bin\vcruntime140_1.dll
0x00007ff893a90000 - 0x00007ff893b1d000 	C:\Program Files\Eclipse Adoptium\jdk-17.0.17.10-hotspot\bin\msvcp140.dll
0x00007ff816290000 - 0x00007ff816efb000 	C:\Program Files\Eclipse Adoptium\jdk-17.0.17.10-hotspot\bin\server\jvm.dll
0x00007ff8c85b0000 - 0x00007ff8c866b000 	C:\WINDOWS\System32\ADVAPI32.dll
0x00007ff8c8cb0000 - 0x00007ff8c8d57000 	C:\WINDOWS\System32\sechost.dll
0x00007ff8c8250000 - 0x00007ff8c8368000 	C:\WINDOWS\System32\RPCRT4.dll
0x00007ff8c8380000 - 0x00007ff8c83f4000 	C:\WINDOWS\System32\WS2_32.dll
0x00007ff8c6320000 - 0x00007ff8c637e000 	C:\WINDOWS\SYSTEM32\POWRPROF.dll
0x00007ff8ba020000 - 0x00007ff8ba055000 	C:\WINDOWS\SYSTEM32\WINMM.dll
0x00007ff8bb180000 - 0x00007ff8bb18b000 	C:\WINDOWS\SYSTEM32\VERSION.dll
0x00007ff8c62e0000 - 0x00007ff8c62f4000 	C:\WINDOWS\SYSTEM32\UMPDC.dll
0x00007ff8c51f0000 - 0x00007ff8c520b000 	C:\WINDOWS\SYSTEM32\kernel.appcore.dll
0x00007ff8a3710000 - 0x00007ff8a371a000 	C:\Program Files\Eclipse Adoptium\jdk-17.0.17.10-hotspot\bin\jimage.dll
0x00007ff8c4380000 - 0x00007ff8c45c2000 	C:\WINDOWS\SYSTEM32\DBGHELP.DLL
0x00007ff8c9490000 - 0x00007ff8c9812000 	C:\WINDOWS\System32\combase.dll
0x00007ff8c90a0000 - 0x00007ff8c9177000 	C:\WINDOWS\System32\OLEAUT32.dll
0x00007ff89f330000 - 0x00007ff89f36b000 	C:\WINDOWS\SYSTEM32\dbgcore.DLL
0x00007ff8c77f0000 - 0x00007ff8c7895000 	C:\WINDOWS\System32\bcryptPrimitives.dll
0x00007ff89e760000 - 0x00007ff89e785000 	C:\Program Files\Eclipse Adoptium\jdk-17.0.17.10-hotspot\bin\java.dll
0x00007ff88c420000 - 0x00007ff88c4f7000 	C:\Program Files\Eclipse Adoptium\jdk-17.0.17.10-hotspot\bin\jsvml.dll
0x00007ff8c79e0000 - 0x00007ff8c813f000 	C:\WINDOWS\System32\SHELL32.dll
0x00007ff8c7680000 - 0x00007ff8c77ea000 	C:\WINDOWS\System32\wintypes.dll
0x00007ff8c6720000 - 0x00007ff8c6f84000 	C:\WINDOWS\System32\windows.storage.dll
0x00007ff8c8150000 - 0x00007ff8c8247000 	C:\WINDOWS\System32\SHCORE.dll
0x00007ff8c8c30000 - 0x00007ff8c8c97000 	C:\WINDOWS\System32\shlwapi.dll
0x00007ff8c63c0000 - 0x00007ff8c63e9000 	C:\WINDOWS\SYSTEM32\profapi.dll
0x00007ff89e680000 - 0x00007ff89e69a000 	C:\Program Files\Eclipse Adoptium\jdk-17.0.17.10-hotspot\bin\net.dll
0x00007ff8bdd10000 - 0x00007ff8bde37000 	C:\WINDOWS\SYSTEM32\WINHTTP.dll
0x00007ff8c5740000 - 0x00007ff8c57ab000 	C:\WINDOWS\system32\mswsock.dll
0x00007ff89e3a0000 - 0x00007ff89e3b6000 	C:\Program Files\Eclipse Adoptium\jdk-17.0.17.10-hotspot\bin\nio.dll
0x00007ff89e0f0000 - 0x00007ff89e108000 	C:\Program Files\Eclipse Adoptium\jdk-17.0.17.10-hotspot\bin\zip.dll
0x00007ff8a2ea0000 - 0x00007ff8a2eaa000 	C:\Program Files\Eclipse Adoptium\jdk-17.0.17.10-hotspot\bin\management.dll
0x00007ff8a2e50000 - 0x00007ff8a2e5c000 	C:\Program Files\Eclipse Adoptium\jdk-17.0.17.10-hotspot\bin\management_ext.dll
0x00007ff8c9820000 - 0x00007ff8c9828000 	C:\WINDOWS\System32\PSAPI.DLL
0x00007ff8c4b00000 - 0x00007ff8c4b33000 	C:\WINDOWS\SYSTEM32\IPHLPAPI.DLL
0x00007ff8c8ca0000 - 0x00007ff8c8caa000 	C:\WINDOWS\System32\NSI.dll
0x00007ff8bdfa0000 - 0x00007ff8bdfbd000 	C:\WINDOWS\SYSTEM32\dhcpcsvc6.DLL
0x00007ff8bdf70000 - 0x00007ff8bdf93000 	C:\WINDOWS\SYSTEM32\dhcpcsvc.DLL
0x00007ff8c4cd0000 - 0x00007ff8c4dfa000 	C:\WINDOWS\SYSTEM32\DNSAPI.dll

dbghelp: loaded successfully - version: 4.0.5 - missing functions: none
symbol engine: initialized successfully - sym options: 0x614 - pdb path: .;C:\Program Files\Eclipse Adoptium\jdk-17.0.17.10-hotspot\bin;C:\WINDOWS\SYSTEM32;C:\WINDOWS\WinSxS\amd64_microsoft.windows.common-controls_6595b64144ccf1df_6.0.26100.7922_none_3e089e1ee3342171;C:\Program Files\Eclipse Adoptium\jdk-17.0.17.10-hotspot\bin\server

VM Arguments:
java_command: C:\Users\hp\AppData\Local\Temp\surefire12426126774929456649\surefirebooter-20260410133541978_3.jar C:\Users\hp\AppData\Local\Temp\surefire12426126774929456649 2026-04-10T13-35-41_700-jvmRun1 surefire-20260410133541978_1tmp surefire_0-20260410133541978_2tmp
java_class_path (initial): C:\Users\hp\AppData\Local\Temp\surefire12426126774929456649\surefirebooter-20260410133541978_3.jar
Launcher Type: SUN_STANDARD

[Global flags]
     intx CICompilerCount                          = 4                                         {product} {ergonomic}
     uint ConcGCThreads                            = 2                                         {product} {ergonomic}
     uint G1ConcRefinementThreads                  = 8                                         {product} {ergonomic}
   size_t G1HeapRegionSize                         = 2097152                                   {product} {ergonomic}
    uintx GCDrainStackTargetSize                   = 64                                        {product} {ergonomic}
   size_t InitialHeapSize                          = 264241152                                 {product} {ergonomic}
   size_t MarkStackSize                            = 4194304                                   {product} {ergonomic}
   size_t MaxHeapSize                              = 4213178368                                {product} {ergonomic}
   size_t MaxNewSize                               = 2527068160                                {product} {ergonomic}
   size_t MinHeapDeltaBytes                        = 2097152                                   {product} {ergonomic}
   size_t MinHeapSize                              = 8388608                                   {product} {ergonomic}
    uintx NonNMethodCodeHeapSize                   = 5839372                                {pd product} {ergonomic}
    uintx NonProfiledCodeHeapSize                  = 122909434                              {pd product} {ergonomic}
    uintx ProfiledCodeHeapSize                     = 122909434                              {pd product} {ergonomic}
    uintx ReservedCodeCacheSize                    = 251658240                              {pd product} {ergonomic}
     bool SegmentedCodeCache                       = true                                      {product} {ergonomic}
   size_t SoftMaxHeapSize                          = 4213178368                             {manageable} {ergonomic}
     bool UseCompressedClassPointers               = true                           {product lp64_product} {ergonomic}
     bool UseCompressedOops                        = true                           {product lp64_product} {ergonomic}
     bool UseG1GC                                  = true                                      {product} {ergonomic}
     bool UseLargePagesIndividualAllocation        = false                                  {pd product} {ergonomic}

Logging:
Log output configuration:
 #0: stdout all=warning uptime,level,tags
 #1: stderr all=off uptime,level,tags

Environment Variables:
PATH=C:\Program Files\Eclipse Adoptium\jdk-17.0.17.10-hotspot\bin;C:\oraclexe\app\oracle\product\11.2.0\server\bin;C:\Program Files (x86)\VMware\VMware Workstation\bin\;C:\Program Files\Common Files\Oracle\Java\javapath;C:\WINDOWS\system32;C:\WINDOWS;C:\WINDOWS\System32\Wbem;C:\WINDOWS\System32\WindowsPowerShell\v1.0\;C:\WINDOWS\System32\OpenSSH\;C:\xampp\php;C:\composer;C:\Users\hp\scoop\apps\symfony-cli\5.10.2;C:\Users\hp\Downloads\jdk-17_windows-x64_bin.zip\jdk-17.0.12\bin;C:\Program Files\Git\cmd;C:\Program Files\Microsoft SQL Server\150\Tools\Binn\;C:\Program Files\Microsoft SQL Server\170\Tools\Binn\;C:\Program Files\Docker\Docker\resources\bin;C:\Program Files\nodejs\;C:\Users\hp\scoop\shims;C:\Users\hp\AppData\Local\Programs\Python\Launcher\;C:\Users\hp\AppData\Local\Microsoft\WindowsApps;C:\Users\hp\AppData\Local\Programs\Microsoft VS Code\bin;C:\Users\hp\AppData\Roaming\Composer\vendor\bin;C:\Users\hp\AppData\Local\Programs\mongosh\;C:\Users\hp\AppData\Roaming\npm;C:\Users\hp\AppData\Local\Programs\cursor\resources\app\bin;C:\Users\hp\AppData\Local\Programs\Windsurf\bin;C:\Users\hp\AppData\Local\Programs\Antigravity\bin
USERNAME=hp
OS=Windows_NT
PROCESSOR_IDENTIFIER=Intel64 Family 6 Model 140 Stepping 1, GenuineIntel
TMP=C:\Users\hp\AppData\Local\Temp
TEMP=C:\Users\hp\AppData\Local\Temp



Periodic native trim disabled


---------------  S Y S T E M  ---------------

OS:
 Windows 11 , 64 bit Build 26100 (10.0.26100.7920)
OS uptime: 8 days 0:23 hours
Hyper-V role detected

CPU: total 8 (initial active 8) (4 cores per cpu, 2 threads per core) family 6 model 140 stepping 1 microcode 0xbe, cx8, cmov, fxsr, ht, mmx, 3dnowpref, sse, sse2, sse3, ssse3, sse4.1, sse4.2, popcnt, lzcnt, tsc, tscinvbit, avx, avx2, aes, erms, clmul, bmi1, bmi2, adx, avx512f, avx512dq, avx512cd, avx512bw, avx512vl, sha, fma, vzeroupper, avx512_vpopcntdq, avx512_vpclmulqdq, avx512_vaes, avx512_vnni, clflush, clflushopt, clwb, avx512_vbmi2, avx512_vbmi, hv
Processor Information for processor 0
  Max Mhz: 2611, Current Mhz: 2611, Mhz Limit: 2611
Processor Information for processor 1
  Max Mhz: 2611, Current Mhz: 2611, Mhz Limit: 2611
Processor Information for processor 2
  Max Mhz: 2611, Current Mhz: 1205, Mhz Limit: 2611
Processor Information for processor 3
  Max Mhz: 2611, Current Mhz: 1205, Mhz Limit: 2611
Processor Information for processor 4
  Max Mhz: 2611, Current Mhz: 2611, Mhz Limit: 2611
Processor Information for processor 5
  Max Mhz: 2611, Current Mhz: 1205, Mhz Limit: 2611
Processor Information for processor 6
  Max Mhz: 2611, Current Mhz: 2611, Mhz Limit: 2611
Processor Information for processor 7
  Max Mhz: 2611, Current Mhz: 2611, Mhz Limit: 2611

Memory: 4k page, system-wide physical 16064M (1300M free)
TotalPageFile size 29953M (AvailPageFile size 4M)
current process WorkingSet (physical memory assigned to process): 130M, peak: 131M
current process commit charge ("private bytes"): 389M, peak: 391M

vm_info: OpenJDK 64-Bit Server VM (17.0.17+10) for windows-amd64 JRE (17.0.17+10), built on Oct 21 2025 23:25:32 by "admin" with unknown MS VC++:1942

END.
